Using pre-set license
Built from '2022.3/staging' branch; Version is '2022.3.6f1 (b9e6e7e9fa2d) revision 12183271'; Using compiler version '192829333'; Build Type 'Release'
OS: 'Windows 11  (10.0.22000) 64bit CoreSingleLanguage' Language: 'en' Physical Memory: 16163 MB
BatchMode: 1, IsHumanControllingUs: 0, StartBugReporterOnCrash: 0, Is64bit: 1, IsPro: 1

COMMAND LINE ARGUMENTS:
C:\Application\Unity\2022.3.6f1\Editor\Unity.exe
-adb2
-batchMode
-noUpm
-name
AssetImportWorker21
-projectPath
C:/Application/Unity/project/DoAnTotNghiep
-logFile
Logs/AssetImportWorker21.log
-srvPort
51601
Successfully changed project path to: C:/Application/Unity/project/DoAnTotNghiep
C:/Application/Unity/project/DoAnTotNghiep
[UnityMemory] Configuration Parameters - Can be set up in boot.config
    "memorysetup-bucket-allocator-granularity=16"
    "memorysetup-bucket-allocator-bucket-count=8"
    "memorysetup-bucket-allocator-block-size=33554432"
    "memorysetup-bucket-allocator-block-count=8"
    "memorysetup-main-allocator-block-size=16777216"
    "memorysetup-thread-allocator-block-size=16777216"
    "memorysetup-gfx-main-allocator-block-size=16777216"
    "memorysetup-gfx-thread-allocator-block-size=16777216"
    "memorysetup-cache-allocator-block-size=4194304"
    "memorysetup-typetree-allocator-block-size=2097152"
    "memorysetup-profiler-bucket-allocator-granularity=16"
    "memorysetup-profiler-bucket-allocator-bucket-count=8"
    "memorysetup-profiler-bucket-allocator-block-size=33554432"
    "memorysetup-profiler-bucket-allocator-block-count=8"
    "memorysetup-profiler-allocator-block-size=16777216"
    "memorysetup-profiler-editor-allocator-block-size=1048576"
    "memorysetup-temp-allocator-size-main=16777216"
    "memorysetup-job-temp-allocator-block-size=2097152"
    "memorysetup-job-temp-allocator-block-size-background=1048576"
    "memorysetup-job-temp-allocator-reduction-small-platforms=262144"
    "memorysetup-allocator-temp-initial-block-size-main=262144"
    "memorysetup-allocator-temp-initial-block-size-worker=262144"
    "memorysetup-temp-allocator-size-background-worker=32768"
    "memorysetup-temp-allocator-size-job-worker=262144"
    "memorysetup-temp-allocator-size-preload-manager=33554432"
    "memorysetup-temp-allocator-size-nav-mesh-worker=65536"
    "memorysetup-temp-allocator-size-audio-worker=65536"
    "memorysetup-temp-allocator-size-cloud-worker=32768"
    "memorysetup-temp-allocator-size-gi-baking-worker=262144"
    "memorysetup-temp-allocator-size-gfx=262144"
Player connection [8896] Host "[IP] 192.168.50.189 [Port] 0 [Flags] 2 [Guid] 425569268 [EditorId] 425569268 [Version] 1048832 [Id] WindowsEditor(7,Tuche-295) [Debug] 1 [PackageName] WindowsEditor [ProjectName] Editor" joined multi-casting on [225.0.0.222:54997]...

Player connection [8896] Host "[IP] 192.168.50.189 [Port] 0 [Flags] 2 [Guid] 425569268 [EditorId] 425569268 [Version] 1048832 [Id] WindowsEditor(7,Tuche-295) [Debug] 1 [PackageName] WindowsEditor [ProjectName] Editor" joined alternative multi-casting on [225.0.0.222:34997]...

Refreshing native plugins compatible for Editor in 5.82 ms, found 3 plugins.
Preloading 0 native plugins for Editor in 0.00 ms.
Initialize engine version: 2022.3.6f1 (b9e6e7e9fa2d)
[Subsystems] Discovering subsystems at path C:/Application/Unity/2022.3.6f1/Editor/Data/Resources/UnitySubsystems
[Subsystems] Discovering subsystems at path C:/Application/Unity/project/DoAnTotNghiep/Assets
GfxDevice: creating device client; threaded=0; jobified=0
Direct3D:
    Version:  Direct3D 11.0 [level 11.1]
    Renderer: NVIDIA GeForce RTX 3060 Laptop GPU (ID=0x2520)
    Vendor:   NVIDIA
    VRAM:     6010 MB
    Driver:   31.0.15.4601
Initialize mono
Mono path[0] = 'C:/Application/Unity/2022.3.6f1/Editor/Data/Managed'
Mono path[1] = 'C:/Application/Unity/2022.3.6f1/Editor/Data/MonoBleedingEdge/lib/mono/unityjit-win32'
Mono config path = 'C:/Application/Unity/2022.3.6f1/Editor/Data/MonoBleedingEdge/etc'
Using monoOptions --debugger-agent=transport=dt_socket,embedding=1,server=y,suspend=n,address=127.0.0.1:56704
Begin MonoManager ReloadAssembly
Registering precompiled unity dll's ...
Register platform support module: C:/Application/Unity/2022.3.6f1/Editor/Data/PlaybackEngines/WindowsStandaloneSupport/UnityEditor.WindowsStandalone.Extensions.dll
Registered in 0.004518 seconds.
- Loaded All Assemblies, in  0.263 seconds
Native extension for WindowsStandalone target not found
Mono: successfully reloaded assembly
- Finished resetting the current domain, in  0.211 seconds
Domain Reload Profiling: 473ms
	BeginReloadAssembly (71ms)
		ExecutionOrderSort (0ms)
		DisableScriptedObjects (0ms)
		BackupInstance (0ms)
		ReleaseScriptingObjects (0ms)
		CreateAndSetChildDomain (1ms)
	RebuildCommonClasses (29ms)
	RebuildNativeTypeToScriptingClass (9ms)
	initialDomainReloadingComplete (45ms)
	LoadAllAssembliesAndSetupDomain (109ms)
		LoadAssemblies (69ms)
		RebuildTransferFunctionScriptingTraits (0ms)
		AnalyzeDomain (105ms)
			TypeCache.Refresh (104ms)
				TypeCache.ScanAssembly (94ms)
			ScanForSourceGeneratedMonoScriptInfo (0ms)
			ResolveRequiredComponents (0ms)
	FinalizeReload (211ms)
		ReleaseScriptCaches (0ms)
		RebuildScriptCaches (0ms)
		SetupLoadedEditorAssemblies (163ms)
			LogAssemblyErrors (0ms)
			InitializePlatformSupportModulesInManaged (7ms)
			SetLoadedEditorAssemblies (7ms)
			RefreshPlugins (0ms)
			BeforeProcessingInitializeOnLoad (2ms)
			ProcessInitializeOnLoadAttributes (109ms)
			ProcessInitializeOnLoadMethodAttributes (39ms)
			AfterProcessingInitializeOnLoad (0ms)
			EditorAssembliesLoaded (0ms)
		ExecutionOrderSort2 (0ms)
		AwakeInstancesAfterBackupRestoration (0ms)
========================================================================
Worker process is ready to serve import requests
Begin MonoManager ReloadAssembly
Symbol file LoadedFromMemory doesn't match image C:\Application\Unity\project\DoAnTotNghiep\Library\PackageCache\com.unity.visualscripting@1.8.0\Editor\VisualScripting.Core\Dependencies\YamlDotNet\Unity.VisualScripting.YamlDotNet.dll
Symbol file LoadedFromMemory doesn't match image C:\Application\Unity\project\DoAnTotNghiep\Library\PackageCache\com.unity.visualscripting@1.8.0\Editor\VisualScripting.Core\Dependencies\DotNetZip\Unity.VisualScripting.IonicZip.dll
- Loaded All Assemblies, in  0.610 seconds
Refreshing native plugins compatible for Editor in 2.10 ms, found 3 plugins.
Native extension for WindowsStandalone target not found
Mono: successfully reloaded assembly
- Finished resetting the current domain, in  0.387 seconds
Domain Reload Profiling: 996ms
	BeginReloadAssembly (106ms)
		ExecutionOrderSort (0ms)
		DisableScriptedObjects (4ms)
		BackupInstance (0ms)
		ReleaseScriptingObjects (0ms)
		CreateAndSetChildDomain (20ms)
	RebuildCommonClasses (26ms)
	RebuildNativeTypeToScriptingClass (9ms)
	initialDomainReloadingComplete (32ms)
	LoadAllAssembliesAndSetupDomain (436ms)
		LoadAssemblies (205ms)
		RebuildTransferFunctionScriptingTraits (0ms)
		AnalyzeDomain (278ms)
			TypeCache.Refresh (260ms)
				TypeCache.ScanAssembly (245ms)
			ScanForSourceGeneratedMonoScriptInfo (15ms)
			ResolveRequiredComponents (4ms)
	FinalizeReload (388ms)
		ReleaseScriptCaches (0ms)
		RebuildScriptCaches (0ms)
		SetupLoadedEditorAssemblies (270ms)
			LogAssemblyErrors (0ms)
			InitializePlatformSupportModulesInManaged (4ms)
			SetLoadedEditorAssemblies (4ms)
			RefreshPlugins (0ms)
			BeforeProcessingInitializeOnLoad (43ms)
			ProcessInitializeOnLoadAttributes (201ms)
			ProcessInitializeOnLoadMethodAttributes (13ms)
			AfterProcessingInitializeOnLoad (5ms)
			EditorAssembliesLoaded (0ms)
		ExecutionOrderSort2 (0ms)
		AwakeInstancesAfterBackupRestoration (5ms)
Launched and connected shader compiler UnityShaderCompiler.exe after 0.04 seconds
Refreshing native plugins compatible for Editor in 2.53 ms, found 3 plugins.
Preloading 0 native plugins for Editor in 0.00 ms.
Unloading 3203 Unused Serialized files (Serialized files now loaded: 0)
Unloading 34 unused Assets / (56.5 KB). Loaded Objects now: 3674.
Memory consumption went from 128.6 MB to 128.5 MB.
Total: 2.942200 ms (FindLiveObjects: 0.238500 ms CreateObjectMapping: 0.095300 ms MarkObjects: 2.451700 ms  DeleteObjects: 0.155700 ms)

AssetImportParameters requested are different than current active one (requested -> active):
  custom:container-demuxer-ogg: 62fdf1f143b41e24485cea50d1cbac27 -> 
  custom:video-codec-MediaFoundation-h265: 746d11721c4dcdbdad8f713fa42b33f4 -> 
  custom:video-decoder-ogg-theora: a1e56fd34408186e4bbccfd4996cb3dc -> 
  custom:framework-win-MediaFoundation: 216162199b28c13a410421893ffa2e32 -> 
  custom:CustomObjectIndexerAttribute: 756ad292c208cfabdd7b50bc23989ffe -> 
  custom:container-demuxer-webm: 4f35f7cbe854078d1ac9338744f61a02 -> 
  custom:container-muxer-webm: aa71ff27fc2769a1b78a27578f13a17b -> 
  custom:video-decoder-webm-vp8: 9c59270c3fd7afecdb556c50c9e8de78 -> 
  custom:SearchIndexIgnoredProperties: e643bd26f0fe6173181afceb89e7c659 -> 
  custom:AudioImporter_EditorPlatform: d09bf68614088b80899f8185d706f6e7 -> 
  custom:video-encoder-webm-vp8: eb34c28f22e8b96e1ab97ce403110664 -> 
  custom:audio-decoder-ogg-vorbis: bf7c407c2cedff20999df2af8eb42d56 -> 
  custom:audio-encoder-webm-vorbis: bf7c407c2cedff20999df2af8eb42d56 -> 
========================================================================
Received Import Request.
  Time since last request: 28555.727097 seconds.
  path: Assets/Polygonal Fantasy Pack/Customize Character Here/01 Drag Base To Scene/Male/Light Skin/LS Male 01 01.prefab
  artifactKey: Guid(cba4e5511f03c354da8018fe0ecb7501) Importer(815301076,1909f56bfc062723c751e8b465ee728b)
Start importing Assets/Polygonal Fantasy Pack/Customize Character Here/01 Drag Base To Scene/Male/Light Skin/LS Male 01 01.prefab using Guid(cba4e5511f03c354da8018fe0ecb7501) Importer(815301076,1909f56bfc062723c751e8b465ee728b)  -> (artifact id: '1ba812402f8c69c42759a5d8ec4c7e0f') in 0.135090 seconds
Number of updated asset objects reloaded before import = 0
Number of asset objects unloaded after import = 411
========================================================================
Received Import Request.
  Time since last request: 0.000021 seconds.
  path: Assets/Polygonal Fantasy Pack/Customize Character Here/01 Drag Base To Scene/Male/Light Skin/LS Male 01 05.prefab
  artifactKey: Guid(d439c9c2c82c9394286ffe2133dd2c7c) Importer(815301076,1909f56bfc062723c751e8b465ee728b)
Start importing Assets/Polygonal Fantasy Pack/Customize Character Here/01 Drag Base To Scene/Male/Light Skin/LS Male 01 05.prefab using Guid(d439c9c2c82c9394286ffe2133dd2c7c) Importer(815301076,1909f56bfc062723c751e8b465ee728b)  -> (artifact id: '9796ed81c9fbe938041642d6a463951a') in 0.079197 seconds
Number of updated asset objects reloaded before import = 0
Number of asset objects unloaded after import = 411
========================================================================
Received Import Request.
  Time since last request: 0.000025 seconds.
  path: Assets/Polygonal Fantasy Pack/Customize Character Here/01 Drag Base To Scene/Male/Light Skin/LS Male 01 20.prefab
  artifactKey: Guid(965b759d474d2c140b0ed6ed553b7c7f) Importer(815301076,1909f56bfc062723c751e8b465ee728b)
Start importing Assets/Polygonal Fantasy Pack/Customize Character Here/01 Drag Base To Scene/Male/Light Skin/LS Male 01 20.prefab using Guid(965b759d474d2c140b0ed6ed553b7c7f) Importer(815301076,1909f56bfc062723c751e8b465ee728b)  -> (artifact id: '4c4406a46db61a70ba8022293d3d7b2a') in 0.023490 seconds
Number of updated asset objects reloaded before import = 0
Number of asset objects unloaded after import = 411
========================================================================
Received Import Request.
  Time since last request: 0.000016 seconds.
  path: Assets/Polygonal Fantasy Pack/Customize Character Here/01 Drag Base To Scene/Male/Light Skin/LS Male 01 12.prefab
  artifactKey: Guid(dc53ee4b4f96925469b7c2d12d45ecf9) Importer(815301076,1909f56bfc062723c751e8b465ee728b)
Start importing Assets/Polygonal Fantasy Pack/Customize Character Here/01 Drag Base To Scene/Male/Light Skin/LS Male 01 12.prefab using Guid(dc53ee4b4f96925469b7c2d12d45ecf9) Importer(815301076,1909f56bfc062723c751e8b465ee728b)  -> (artifact id: 'a41b3e941ac7a727872c6128fa2ce3ee') in 0.043565 seconds
Number of updated asset objects reloaded before import = 0
Number of asset objects unloaded after import = 411
========================================================================
Received Import Request.
  Time since last request: 0.000015 seconds.
  path: Assets/Polygonal Fantasy Pack/Customize Character Here/01 Drag Base To Scene/Male/Light Skin/LS Male 01 19.prefab
  artifactKey: Guid(8211f8d0ab695ea458ffae2add09cb68) Importer(815301076,1909f56bfc062723c751e8b465ee728b)
Start importing Assets/Polygonal Fantasy Pack/Customize Character Here/01 Drag Base To Scene/Male/Light Skin/LS Male 01 19.prefab using Guid(8211f8d0ab695ea458ffae2add09cb68) Importer(815301076,1909f56bfc062723c751e8b465ee728b)  -> (artifact id: 'da53ed4b5deba18cd6bbf6fbe7f462f1') in 0.045265 seconds
Number of updated asset objects reloaded before import = 0
Number of asset objects unloaded after import = 411
========================================================================
Received Import Request.
  Time since last request: 25.334483 seconds.
  path: Assets/Polygonal Fantasy Pack/Customize Character Here/04 Attach Body Accessories/Female Necklaces (+ Neck)/Necklace 01 Blue Gold.prefab
  artifactKey: Guid(4ea99d17fdda1284a9688660f6aa9549) Importer(815301076,1909f56bfc062723c751e8b465ee728b)
Start importing Assets/Polygonal Fantasy Pack/Customize Character Here/04 Attach Body Accessories/Female Necklaces (+ Neck)/Necklace 01 Blue Gold.prefab using Guid(4ea99d17fdda1284a9688660f6aa9549) Importer(815301076,1909f56bfc062723c751e8b465ee728b)  -> (artifact id: 'dca43ede696fdafc7580311c20c03c1d') in 0.012791 seconds
Number of updated asset objects reloaded before import = 0
Number of asset objects unloaded after import = 10
========================================================================
Received Import Request.
  Time since last request: 0.002271 seconds.
  path: Assets/Polygonal Fantasy Pack/Customize Character Here/04 Attach Body Accessories/Female Necklaces (+ Neck)/Necklace 01 Green Gold.prefab
  artifactKey: Guid(6a950aa9f8e06de498be81ef006ab846) Importer(815301076,1909f56bfc062723c751e8b465ee728b)
Start importing Assets/Polygonal Fantasy Pack/Customize Character Here/04 Attach Body Accessories/Female Necklaces (+ Neck)/Necklace 01 Green Gold.prefab using Guid(6a950aa9f8e06de498be81ef006ab846) Importer(815301076,1909f56bfc062723c751e8b465ee728b)  -> (artifact id: 'f6533753995cf1f33e49cae6f7255604') in 0.010179 seconds
Number of updated asset objects reloaded before import = 0
Number of asset objects unloaded after import = 10
========================================================================
Received Import Request.
  Time since last request: 0.001205 seconds.
  path: Assets/Polygonal Fantasy Pack/Customize Character Here/04 Attach Body Accessories/Female Necklaces (+ Neck)/Necklace 01 Grey Silver.prefab
  artifactKey: Guid(58b4bf91c18a2014882374e3365e62e9) Importer(815301076,1909f56bfc062723c751e8b465ee728b)
Start importing Assets/Polygonal Fantasy Pack/Customize Character Here/04 Attach Body Accessories/Female Necklaces (+ Neck)/Necklace 01 Grey Silver.prefab using Guid(58b4bf91c18a2014882374e3365e62e9) Importer(815301076,1909f56bfc062723c751e8b465ee728b)  -> (artifact id: '30b4d10f9f9f80dc1e2dc6e6e45a5519') in 0.010651 seconds
Number of updated asset objects reloaded before import = 0
Number of asset objects unloaded after import = 10
========================================================================
Received Import Request.
  Time since last request: 0.001061 seconds.
  path: Assets/Polygonal Fantasy Pack/Customize Character Here/04 Attach Body Accessories/Female Necklaces (+ Neck)/Necklace 01 Red Gold.prefab
  artifactKey: Guid(f764439ee5b302649853957a783e51c0) Importer(815301076,1909f56bfc062723c751e8b465ee728b)
Start importing Assets/Polygonal Fantasy Pack/Customize Character Here/04 Attach Body Accessories/Female Necklaces (+ Neck)/Necklace 01 Red Gold.prefab using Guid(f764439ee5b302649853957a783e51c0) Importer(815301076,1909f56bfc062723c751e8b465ee728b)  -> (artifact id: '904849f7ca5b5981d0a38be528b0e5e6') in 0.011188 seconds
Number of updated asset objects reloaded before import = 0
Number of asset objects unloaded after import = 10
========================================================================
Received Import Request.
  Time since last request: 0.003281 seconds.
  path: Assets/Polygonal Fantasy Pack/Customize Character Here/04 Attach Body Accessories/Female Necklaces (+ Neck)/Necklace 02 Blue Gold.prefab
  artifactKey: Guid(9c7ddb054d5164340923dc0d8b958a2e) Importer(815301076,1909f56bfc062723c751e8b465ee728b)
Start importing Assets/Polygonal Fantasy Pack/Customize Character Here/04 Attach Body Accessories/Female Necklaces (+ Neck)/Necklace 02 Blue Gold.prefab using Guid(9c7ddb054d5164340923dc0d8b958a2e) Importer(815301076,1909f56bfc062723c751e8b465ee728b)  -> (artifact id: 'ce7c68e0908df4f6ba37250b17d23e99') in 0.010143 seconds
Number of updated asset objects reloaded before import = 0
Number of asset objects unloaded after import = 10
========================================================================
Received Import Request.
  Time since last request: 0.000255 seconds.
  path: Assets/Polygonal Fantasy Pack/Customize Character Here/04 Attach Body Accessories/Female Necklaces (+ Neck)/Necklace 02 Brown Silver.prefab
  artifactKey: Guid(dbafeb2cf05dd30468995125693acd47) Importer(815301076,1909f56bfc062723c751e8b465ee728b)
Start importing Assets/Polygonal Fantasy Pack/Customize Character Here/04 Attach Body Accessories/Female Necklaces (+ Neck)/Necklace 02 Brown Silver.prefab using Guid(dbafeb2cf05dd30468995125693acd47) Importer(815301076,1909f56bfc062723c751e8b465ee728b)  -> (artifact id: '678a31f2cb35ec0b80eadd6688251121') in 0.010608 seconds
Number of updated asset objects reloaded before import = 0
Number of asset objects unloaded after import = 10
========================================================================
Received Import Request.
  Time since last request: 0.003741 seconds.
  path: Assets/Polygonal Fantasy Pack/Customize Character Here/04 Attach Body Accessories/Female Necklaces (+ Neck)/Necklace 02 Grey Silver.prefab
  artifactKey: Guid(1ead3a3b834437b41a205e7b99162017) Importer(815301076,1909f56bfc062723c751e8b465ee728b)
Start importing Assets/Polygonal Fantasy Pack/Customize Character Here/04 Attach Body Accessories/Female Necklaces (+ Neck)/Necklace 02 Grey Silver.prefab using Guid(1ead3a3b834437b41a205e7b99162017) Importer(815301076,1909f56bfc062723c751e8b465ee728b)  -> (artifact id: '6f9b11c2e64ff4e73b2352b662eaad2e') in 0.010591 seconds
Number of updated asset objects reloaded before import = 0
Number of asset objects unloaded after import = 10
========================================================================
Received Import Request.
  Time since last request: 0.000502 seconds.
  path: Assets/Polygonal Fantasy Pack/Customize Character Here/04 Attach Body Accessories/Female Necklaces (+ Neck)/Necklace 02 Red Gold.prefab
  artifactKey: Guid(e58b35fddafa19145802ccdb50527e66) Importer(815301076,1909f56bfc062723c751e8b465ee728b)
Start importing Assets/Polygonal Fantasy Pack/Customize Character Here/04 Attach Body Accessories/Female Necklaces (+ Neck)/Necklace 02 Red Gold.prefab using Guid(e58b35fddafa19145802ccdb50527e66) Importer(815301076,1909f56bfc062723c751e8b465ee728b)  -> (artifact id: '21e9a8e599554789494efc93d3b5c2f8') in 0.010054 seconds
Number of updated asset objects reloaded before import = 0
Number of asset objects unloaded after import = 10
========================================================================
Received Import Request.
  Time since last request: 0.000113 seconds.
  path: Assets/Polygonal Fantasy Pack/Customize Character Here/04 Attach Body Accessories/Female Necklaces (+ Neck)/Necklace 02 White Silver.prefab
  artifactKey: Guid(ebe1e5815652f4e4e934e5c90d76ea79) Importer(815301076,1909f56bfc062723c751e8b465ee728b)
Start importing Assets/Polygonal Fantasy Pack/Customize Character Here/04 Attach Body Accessories/Female Necklaces (+ Neck)/Necklace 02 White Silver.prefab using Guid(ebe1e5815652f4e4e934e5c90d76ea79) Importer(815301076,1909f56bfc062723c751e8b465ee728b)  -> (artifact id: '63fa851ba209bca9f0504d045279b881') in 0.010143 seconds
Number of updated asset objects reloaded before import = 0
Number of asset objects unloaded after import = 10
========================================================================
Received Import Request.
  Time since last request: 0.003289 seconds.
  path: Assets/Polygonal Fantasy Pack/Customize Character Here/04 Attach Body Accessories/Female Necklaces (+ Neck)/Necklace 03 Brown Silver.prefab
  artifactKey: Guid(fb906bebd7fd7c645b6c1fa67d1906df) Importer(815301076,1909f56bfc062723c751e8b465ee728b)
Start importing Assets/Polygonal Fantasy Pack/Customize Character Here/04 Attach Body Accessories/Female Necklaces (+ Neck)/Necklace 03 Brown Silver.prefab using Guid(fb906bebd7fd7c645b6c1fa67d1906df) Importer(815301076,1909f56bfc062723c751e8b465ee728b)  -> (artifact id: '81bcf33317be58787fdea5973be590cf') in 0.011375 seconds
Number of updated asset objects reloaded before import = 0
Number of asset objects unloaded after import = 10
Editor requested this worker to shutdown with reason: Scaling down because of idle timeout
TcpMessagingSession - receive error: operation aborted. errorcode: 995, details: The I/O operation has been aborted because of either a thread exit or an application request.
AssetImportWorker is now disconnected from the server
Process exiting
Exiting without the bug reporter. Application will terminate with return code 0