Using pre-set license
Built from '2022.3/staging' branch; Version is '2022.3.6f1 (b9e6e7e9fa2d) revision 12183271'; Using compiler version '192829333'; Build Type 'Release'
OS: 'Windows 11  (10.0.22000) 64bit CoreSingleLanguage' Language: 'en' Physical Memory: 16163 MB
BatchMode: 1, IsHumanControllingUs: 0, StartBugReporterOnCrash: 0, Is64bit: 1, IsPro: 1

COMMAND LINE ARGUMENTS:
C:\Application\Unity\2022.3.6f1\Editor\Unity.exe
-adb2
-batchMode
-noUpm
-name
AssetImportWorker7
-projectPath
C:/Application/Unity/project/DoAnTotNghiep
-logFile
Logs/AssetImportWorker7.log
-srvPort
49790
Successfully changed project path to: C:/Application/Unity/project/DoAnTotNghiep
C:/Application/Unity/project/DoAnTotNghiep
[UnityMemory] Configuration Parameters - Can be set up in boot.config
    "memorysetup-bucket-allocator-granularity=16"
    "memorysetup-bucket-allocator-bucket-count=8"
    "memorysetup-bucket-allocator-block-size=33554432"
    "memorysetup-bucket-allocator-block-count=8"
    "memorysetup-main-allocator-block-size=16777216"
    "memorysetup-thread-allocator-block-size=16777216"
    "memorysetup-gfx-main-allocator-block-size=16777216"
    "memorysetup-gfx-thread-allocator-block-size=16777216"
    "memorysetup-cache-allocator-block-size=4194304"
    "memorysetup-typetree-allocator-block-size=2097152"
    "memorysetup-profiler-bucket-allocator-granularity=16"
    "memorysetup-profiler-bucket-allocator-bucket-count=8"
    "memorysetup-profiler-bucket-allocator-block-size=33554432"
    "memorysetup-profiler-bucket-allocator-block-count=8"
    "memorysetup-profiler-allocator-block-size=16777216"
    "memorysetup-profiler-editor-allocator-block-size=1048576"
    "memorysetup-temp-allocator-size-main=16777216"
    "memorysetup-job-temp-allocator-block-size=2097152"
    "memorysetup-job-temp-allocator-block-size-background=1048576"
    "memorysetup-job-temp-allocator-reduction-small-platforms=262144"
    "memorysetup-allocator-temp-initial-block-size-main=262144"
    "memorysetup-allocator-temp-initial-block-size-worker=262144"
    "memorysetup-temp-allocator-size-background-worker=32768"
    "memorysetup-temp-allocator-size-job-worker=262144"
    "memorysetup-temp-allocator-size-preload-manager=33554432"
    "memorysetup-temp-allocator-size-nav-mesh-worker=65536"
    "memorysetup-temp-allocator-size-audio-worker=65536"
    "memorysetup-temp-allocator-size-cloud-worker=32768"
    "memorysetup-temp-allocator-size-gi-baking-worker=262144"
    "memorysetup-temp-allocator-size-gfx=262144"
Player connection [18992] Host "[IP] 192.168.1.8 [Port] 0 [Flags] 2 [Guid] 1572368702 [EditorId] 1572368702 [Version] 1048832 [Id] WindowsEditor(7,Tuche-295) [Debug] 1 [PackageName] WindowsEditor [ProjectName] Editor" joined multi-casting on [225.0.0.222:54997]...

Player connection [18992] Host "[IP] 192.168.1.8 [Port] 0 [Flags] 2 [Guid] 1572368702 [EditorId] 1572368702 [Version] 1048832 [Id] WindowsEditor(7,Tuche-295) [Debug] 1 [PackageName] WindowsEditor [ProjectName] Editor" joined alternative multi-casting on [225.0.0.222:34997]...

Refreshing native plugins compatible for Editor in 7.03 ms, found 3 plugins.
Preloading 0 native plugins for Editor in 0.00 ms.
Initialize engine version: 2022.3.6f1 (b9e6e7e9fa2d)
[Subsystems] Discovering subsystems at path C:/Application/Unity/2022.3.6f1/Editor/Data/Resources/UnitySubsystems
[Subsystems] Discovering subsystems at path C:/Application/Unity/project/DoAnTotNghiep/Assets
GfxDevice: creating device client; threaded=0; jobified=0
Direct3D:
    Version:  Direct3D 11.0 [level 11.1]
    Renderer: NVIDIA GeForce RTX 3060 Laptop GPU (ID=0x2520)
    Vendor:   NVIDIA
    VRAM:     6010 MB
    Driver:   31.0.15.4601
Initialize mono
Mono path[0] = 'C:/Application/Unity/2022.3.6f1/Editor/Data/Managed'
Mono path[1] = 'C:/Application/Unity/2022.3.6f1/Editor/Data/MonoBleedingEdge/lib/mono/unityjit-win32'
Mono config path = 'C:/Application/Unity/2022.3.6f1/Editor/Data/MonoBleedingEdge/etc'
Using monoOptions --debugger-agent=transport=dt_socket,embedding=1,server=y,suspend=n,address=127.0.0.1:56968
Begin MonoManager ReloadAssembly
Registering precompiled unity dll's ...
Register platform support module: C:/Application/Unity/2022.3.6f1/Editor/Data/PlaybackEngines/WindowsStandaloneSupport/UnityEditor.WindowsStandalone.Extensions.dll
Registered in 0.004923 seconds.
- Loaded All Assemblies, in  0.267 seconds
Native extension for WindowsStandalone target not found
Mono: successfully reloaded assembly
- Finished resetting the current domain, in  0.206 seconds
Domain Reload Profiling: 473ms
	BeginReloadAssembly (67ms)
		ExecutionOrderSort (0ms)
		DisableScriptedObjects (0ms)
		BackupInstance (0ms)
		ReleaseScriptingObjects (0ms)
		CreateAndSetChildDomain (1ms)
	RebuildCommonClasses (30ms)
	RebuildNativeTypeToScriptingClass (9ms)
	initialDomainReloadingComplete (47ms)
	LoadAllAssembliesAndSetupDomain (113ms)
		LoadAssemblies (65ms)
		RebuildTransferFunctionScriptingTraits (0ms)
		AnalyzeDomain (109ms)
			TypeCache.Refresh (109ms)
				TypeCache.ScanAssembly (98ms)
			ScanForSourceGeneratedMonoScriptInfo (0ms)
			ResolveRequiredComponents (0ms)
	FinalizeReload (207ms)
		ReleaseScriptCaches (0ms)
		RebuildScriptCaches (0ms)
		SetupLoadedEditorAssemblies (159ms)
			LogAssemblyErrors (0ms)
			InitializePlatformSupportModulesInManaged (6ms)
			SetLoadedEditorAssemblies (6ms)
			RefreshPlugins (0ms)
			BeforeProcessingInitializeOnLoad (2ms)
			ProcessInitializeOnLoadAttributes (108ms)
			ProcessInitializeOnLoadMethodAttributes (36ms)
			AfterProcessingInitializeOnLoad (0ms)
			EditorAssembliesLoaded (0ms)
		ExecutionOrderSort2 (0ms)
		AwakeInstancesAfterBackupRestoration (0ms)
========================================================================
Worker process is ready to serve import requests
Begin MonoManager ReloadAssembly
Symbol file LoadedFromMemory doesn't match image C:\Application\Unity\project\DoAnTotNghiep\Library\PackageCache\com.unity.visualscripting@1.8.0\Editor\VisualScripting.Core\Dependencies\YamlDotNet\Unity.VisualScripting.YamlDotNet.dll
Symbol file LoadedFromMemory doesn't match image C:\Application\Unity\project\DoAnTotNghiep\Library\PackageCache\com.unity.visualscripting@1.8.0\Editor\VisualScripting.Core\Dependencies\DotNetZip\Unity.VisualScripting.IonicZip.dll
- Loaded All Assemblies, in  0.577 seconds
Refreshing native plugins compatible for Editor in 1.85 ms, found 3 plugins.
Native extension for WindowsStandalone target not found
Mono: successfully reloaded assembly
- Finished resetting the current domain, in  0.736 seconds
Domain Reload Profiling: 1311ms
	BeginReloadAssembly (104ms)
		ExecutionOrderSort (0ms)
		DisableScriptedObjects (4ms)
		BackupInstance (0ms)
		ReleaseScriptingObjects (0ms)
		CreateAndSetChildDomain (19ms)
	RebuildCommonClasses (25ms)
	RebuildNativeTypeToScriptingClass (9ms)
	initialDomainReloadingComplete (33ms)
	LoadAllAssembliesAndSetupDomain (405ms)
		LoadAssemblies (206ms)
		RebuildTransferFunctionScriptingTraits (0ms)
		AnalyzeDomain (246ms)
			TypeCache.Refresh (229ms)
				TypeCache.ScanAssembly (219ms)
			ScanForSourceGeneratedMonoScriptInfo (14ms)
			ResolveRequiredComponents (3ms)
	FinalizeReload (736ms)
		ReleaseScriptCaches (0ms)
		RebuildScriptCaches (0ms)
		SetupLoadedEditorAssemblies (618ms)
			LogAssemblyErrors (0ms)
			InitializePlatformSupportModulesInManaged (4ms)
			SetLoadedEditorAssemblies (2ms)
			RefreshPlugins (0ms)
			BeforeProcessingInitializeOnLoad (45ms)
			ProcessInitializeOnLoadAttributes (257ms)
			ProcessInitializeOnLoadMethodAttributes (305ms)
			AfterProcessingInitializeOnLoad (4ms)
			EditorAssembliesLoaded (0ms)
		ExecutionOrderSort2 (0ms)
		AwakeInstancesAfterBackupRestoration (5ms)
Launched and connected shader compiler UnityShaderCompiler.exe after 0.03 seconds
Refreshing native plugins compatible for Editor in 1.87 ms, found 3 plugins.
Preloading 0 native plugins for Editor in 0.00 ms.
Unloading 3611 Unused Serialized files (Serialized files now loaded: 0)
Unloading 38 unused Assets / (57.6 KB). Loaded Objects now: 4084.
Memory consumption went from 137.7 MB to 137.6 MB.
Total: 4.506400 ms (FindLiveObjects: 0.313100 ms CreateObjectMapping: 0.104400 ms MarkObjects: 3.944100 ms  DeleteObjects: 0.143700 ms)

AssetImportParameters requested are different than current active one (requested -> active):
  custom:container-demuxer-ogg: 62fdf1f143b41e24485cea50d1cbac27 -> 
  custom:video-codec-MediaFoundation-h265: 746d11721c4dcdbdad8f713fa42b33f4 -> 
  custom:video-decoder-ogg-theora: a1e56fd34408186e4bbccfd4996cb3dc -> 
  custom:framework-win-MediaFoundation: 216162199b28c13a410421893ffa2e32 -> 
  custom:CustomObjectIndexerAttribute: 756ad292c208cfabdd7b50bc23989ffe -> 
  custom:container-demuxer-webm: 4f35f7cbe854078d1ac9338744f61a02 -> 
  custom:container-muxer-webm: aa71ff27fc2769a1b78a27578f13a17b -> 
  custom:video-decoder-webm-vp8: 9c59270c3fd7afecdb556c50c9e8de78 -> 
  custom:SearchIndexIgnoredProperties: e643bd26f0fe6173181afceb89e7c659 -> 
  custom:AudioImporter_EditorPlatform: d09bf68614088b80899f8185d706f6e7 -> 
  custom:video-encoder-webm-vp8: eb34c28f22e8b96e1ab97ce403110664 -> 
  custom:audio-decoder-ogg-vorbis: bf7c407c2cedff20999df2af8eb42d56 -> 
  custom:audio-encoder-webm-vorbis: bf7c407c2cedff20999df2af8eb42d56 -> 
========================================================================
Received Import Request.
  Time since last request: 6571.570793 seconds.
  path: Assets/_Prefabs/Armor/Armor lv3 Variant.prefab
  artifactKey: Guid(8aa2f88b646718145aba410c23be0aae) Importer(815301076,1909f56bfc062723c751e8b465ee728b)
Start importing Assets/_Prefabs/Armor/Armor lv3 Variant.prefab using Guid(8aa2f88b646718145aba410c23be0aae) Importer(815301076,1909f56bfc062723c751e8b465ee728b)  -> (artifact id: '04f2562c0f104fb8c273219f7baae98c') in 0.094423 seconds
Number of updated asset objects reloaded before import = 0
Number of asset objects unloaded after import = 24
========================================================================
Received Import Request.
  Time since last request: 0.000022 seconds.
  path: Assets/Polygonal Fantasy Pack/Customize Character Here/05 Attach Weapons/Arrows/Arrow 01 White Gold.prefab
  artifactKey: Guid(3b18639636e761b4c8e963656df0a273) Importer(815301076,1909f56bfc062723c751e8b465ee728b)
Start importing Assets/Polygonal Fantasy Pack/Customize Character Here/05 Attach Weapons/Arrows/Arrow 01 White Gold.prefab using Guid(3b18639636e761b4c8e963656df0a273) Importer(815301076,1909f56bfc062723c751e8b465ee728b)  -> (artifact id: '73d8ebc707b2b8c7ca3b73ecae87b627') in 0.013503 seconds
Number of updated asset objects reloaded before import = 0
Number of asset objects unloaded after import = 10
========================================================================
Received Import Request.
  Time since last request: 0.000035 seconds.
  path: Assets/Polygonal Fantasy Pack/Customize Character Here/05 Attach Weapons/Arrows/Arrow 01 Blue Gold.prefab
  artifactKey: Guid(a40f556c1a830db45a1c73523b7d3f2a) Importer(815301076,1909f56bfc062723c751e8b465ee728b)
Start importing Assets/Polygonal Fantasy Pack/Customize Character Here/05 Attach Weapons/Arrows/Arrow 01 Blue Gold.prefab using Guid(a40f556c1a830db45a1c73523b7d3f2a) Importer(815301076,1909f56bfc062723c751e8b465ee728b)  -> (artifact id: 'ca258179d42270af7f57bd0449346b34') in 0.017311 seconds
Number of updated asset objects reloaded before import = 0
Number of asset objects unloaded after import = 10
========================================================================
Received Import Request.
  Time since last request: 4.677755 seconds.
  path: Assets/Polygonal Fantasy Pack/Customize Character Here/03 Customize Head/Male Beards (+ Head)/Beard 01 Blue.prefab
  artifactKey: Guid(48c66f95ffe721440a2da15c3340f57d) Importer(815301076,1909f56bfc062723c751e8b465ee728b)
Start importing Assets/Polygonal Fantasy Pack/Customize Character Here/03 Customize Head/Male Beards (+ Head)/Beard 01 Blue.prefab using Guid(48c66f95ffe721440a2da15c3340f57d) Importer(815301076,1909f56bfc062723c751e8b465ee728b)  -> (artifact id: '1d47069fade5837bafd13df8edf809f8') in 0.010895 seconds
Number of updated asset objects reloaded before import = 0
Number of asset objects unloaded after import = 8
========================================================================
Received Import Request.
  Time since last request: 1.358971 seconds.
  path: Assets/Polygonal Fantasy Pack/Customize Character Here/03 Customize Head/Male Beards (+ Head)/Beard 10 Brown.prefab
  artifactKey: Guid(46009ef2f28806941afb0432cff446ed) Importer(815301076,1909f56bfc062723c751e8b465ee728b)
Start importing Assets/Polygonal Fantasy Pack/Customize Character Here/03 Customize Head/Male Beards (+ Head)/Beard 10 Brown.prefab using Guid(46009ef2f28806941afb0432cff446ed) Importer(815301076,1909f56bfc062723c751e8b465ee728b)  -> (artifact id: '323bc0794017b4054afe97576b204eca') in 0.009597 seconds
Number of updated asset objects reloaded before import = 0
Number of asset objects unloaded after import = 8
========================================================================
Received Import Request.
  Time since last request: 0.049738 seconds.
  path: Assets/Polygonal Fantasy Pack/Customize Character Here/05 Attach Weapons/Bows (+ R L Hand)/Bow 01 Brown Gold.prefab
  artifactKey: Guid(a12749fbc650428428dd47ebed7a0606) Importer(815301076,1909f56bfc062723c751e8b465ee728b)
Start importing Assets/Polygonal Fantasy Pack/Customize Character Here/05 Attach Weapons/Bows (+ R L Hand)/Bow 01 Brown Gold.prefab using Guid(a12749fbc650428428dd47ebed7a0606) Importer(815301076,1909f56bfc062723c751e8b465ee728b)  -> (artifact id: 'bfc530d5327fed6695dccd4a3cd68c2e') in 0.011751 seconds
Number of updated asset objects reloaded before import = 0
Number of asset objects unloaded after import = 10
========================================================================
Received Import Request.
  Time since last request: 0.004853 seconds.
  path: Assets/Polygonal Fantasy Pack/Customize Character Here/05 Attach Weapons/Bows (+ R L Hand)/Bow 01 Grey Gold.prefab
  artifactKey: Guid(e80d3358883c2fa42a2d825da01c66d5) Importer(815301076,1909f56bfc062723c751e8b465ee728b)
Start importing Assets/Polygonal Fantasy Pack/Customize Character Here/05 Attach Weapons/Bows (+ R L Hand)/Bow 01 Grey Gold.prefab using Guid(e80d3358883c2fa42a2d825da01c66d5) Importer(815301076,1909f56bfc062723c751e8b465ee728b)  -> (artifact id: 'e00fb716bf52c19a9647f3aebe8b530b') in 0.010895 seconds
Number of updated asset objects reloaded before import = 0
Number of asset objects unloaded after import = 10
========================================================================
Received Import Request.
  Time since last request: 0.004919 seconds.
  path: Assets/Polygonal Fantasy Pack/Customize Character Here/05 Attach Weapons/Bows (+ R L Hand)/Bow 01 Red Gold.prefab
  artifactKey: Guid(7bf848a11be69ce49afa7ca9e99c671e) Importer(815301076,1909f56bfc062723c751e8b465ee728b)
Start importing Assets/Polygonal Fantasy Pack/Customize Character Here/05 Attach Weapons/Bows (+ R L Hand)/Bow 01 Red Gold.prefab using Guid(7bf848a11be69ce49afa7ca9e99c671e) Importer(815301076,1909f56bfc062723c751e8b465ee728b)  -> (artifact id: 'b921c7f037d67c1a8835fa1144ca9b0a') in 0.010501 seconds
Number of updated asset objects reloaded before import = 0
Number of asset objects unloaded after import = 10
========================================================================
Received Import Request.
  Time since last request: 0.016143 seconds.
  path: Assets/Polygonal Fantasy Pack/Customize Character Here/05 Attach Weapons/Bows (+ R L Hand)/Bow 02 Brown Silver.prefab
  artifactKey: Guid(4ef66c4f1fd404643b21bcfa2380b190) Importer(815301076,1909f56bfc062723c751e8b465ee728b)
Start importing Assets/Polygonal Fantasy Pack/Customize Character Here/05 Attach Weapons/Bows (+ R L Hand)/Bow 02 Brown Silver.prefab using Guid(4ef66c4f1fd404643b21bcfa2380b190) Importer(815301076,1909f56bfc062723c751e8b465ee728b)  -> (artifact id: '920f43e737438ee78416de28a960fd65') in 0.010464 seconds
Number of updated asset objects reloaded before import = 0
Number of asset objects unloaded after import = 10
========================================================================
Received Import Request.
  Time since last request: 0.011938 seconds.
  path: Assets/Polygonal Fantasy Pack/Customize Character Here/05 Attach Weapons/Bows (+ R L Hand)/Bow 02 Purple Silver.prefab
  artifactKey: Guid(7d4df292343077d43ae69f8f7ae3668b) Importer(815301076,1909f56bfc062723c751e8b465ee728b)
Start importing Assets/Polygonal Fantasy Pack/Customize Character Here/05 Attach Weapons/Bows (+ R L Hand)/Bow 02 Purple Silver.prefab using Guid(7d4df292343077d43ae69f8f7ae3668b) Importer(815301076,1909f56bfc062723c751e8b465ee728b)  -> (artifact id: '58196a5b5475eaf5980f70f3e1f9217f') in 0.010658 seconds
Number of updated asset objects reloaded before import = 0
Number of asset objects unloaded after import = 10
========================================================================
Received Import Request.
  Time since last request: 0.043794 seconds.
  path: Assets/Polygonal Fantasy Pack/Customize Character Here/05 Attach Weapons/Bows (+ R L Hand)/Bow 03 Brown Silver.prefab
  artifactKey: Guid(d8ce1985bfdd52240b5e22a760228c0f) Importer(815301076,1909f56bfc062723c751e8b465ee728b)
Start importing Assets/Polygonal Fantasy Pack/Customize Character Here/05 Attach Weapons/Bows (+ R L Hand)/Bow 03 Brown Silver.prefab using Guid(d8ce1985bfdd52240b5e22a760228c0f) Importer(815301076,1909f56bfc062723c751e8b465ee728b)  -> (artifact id: 'bdc99525c50a2bb2320a41a106bc0a26') in 0.010684 seconds
Number of updated asset objects reloaded before import = 0
Number of asset objects unloaded after import = 10
========================================================================
Received Import Request.
  Time since last request: 0.083085 seconds.
  path: Assets/Polygonal Fantasy Pack/Customize Character Here/05 Attach Weapons/Bows (+ R L Hand)/Bow 04 Blue Gold.prefab
  artifactKey: Guid(b74acac711ade5d4fb444928d0bcd8ba) Importer(815301076,1909f56bfc062723c751e8b465ee728b)
Start importing Assets/Polygonal Fantasy Pack/Customize Character Here/05 Attach Weapons/Bows (+ R L Hand)/Bow 04 Blue Gold.prefab using Guid(b74acac711ade5d4fb444928d0bcd8ba) Importer(815301076,1909f56bfc062723c751e8b465ee728b)  -> (artifact id: '2ef78a8286e772677d52e68990fb0326') in 0.014983 seconds
Number of updated asset objects reloaded before import = 0
Number of asset objects unloaded after import = 10
========================================================================
Received Import Request.
  Time since last request: 0.004231 seconds.
  path: Assets/Polygonal Fantasy Pack/Customize Character Here/05 Attach Weapons/Bows (+ R L Hand)/Bow 04 Green Silver.prefab
  artifactKey: Guid(68480f773538b8242ac8f9a5ede45e3e) Importer(815301076,1909f56bfc062723c751e8b465ee728b)
Start importing Assets/Polygonal Fantasy Pack/Customize Character Here/05 Attach Weapons/Bows (+ R L Hand)/Bow 04 Green Silver.prefab using Guid(68480f773538b8242ac8f9a5ede45e3e) Importer(815301076,1909f56bfc062723c751e8b465ee728b)  -> (artifact id: 'bd1bb853af5b662ef3556e662c09cb0b') in 0.010733 seconds
Number of updated asset objects reloaded before import = 0
Number of asset objects unloaded after import = 10
========================================================================
Received Import Request.
  Time since last request: 0.012518 seconds.
  path: Assets/Polygonal Fantasy Pack/Customize Character Here/05 Attach Weapons/Bows (+ R L Hand)/Bow 04 Red Silver.prefab
  artifactKey: Guid(dbce9841616024849854b25a9ecbd4e0) Importer(815301076,1909f56bfc062723c751e8b465ee728b)
Start importing Assets/Polygonal Fantasy Pack/Customize Character Here/05 Attach Weapons/Bows (+ R L Hand)/Bow 04 Red Silver.prefab using Guid(dbce9841616024849854b25a9ecbd4e0) Importer(815301076,1909f56bfc062723c751e8b465ee728b)  -> (artifact id: '0504ed1795499f7110de446dacb9e479') in 0.009881 seconds
Number of updated asset objects reloaded before import = 0
Number of asset objects unloaded after import = 10
========================================================================
Received Import Request.
  Time since last request: 0.013060 seconds.
  path: Assets/Polygonal Fantasy Pack/Customize Character Here/05 Attach Weapons/Bows (+ R L Hand)/Bow 05 Brown Silver.prefab
  artifactKey: Guid(398cc4ce85a1471459204c0c1e291b14) Importer(815301076,1909f56bfc062723c751e8b465ee728b)
Start importing Assets/Polygonal Fantasy Pack/Customize Character Here/05 Attach Weapons/Bows (+ R L Hand)/Bow 05 Brown Silver.prefab using Guid(398cc4ce85a1471459204c0c1e291b14) Importer(815301076,1909f56bfc062723c751e8b465ee728b)  -> (artifact id: '61a95f290a84c69e61cfbcbef357a686') in 0.010677 seconds
Number of updated asset objects reloaded before import = 0
Number of asset objects unloaded after import = 10
========================================================================
Received Import Request.
  Time since last request: 0.009230 seconds.
  path: Assets/Polygonal Fantasy Pack/Customize Character Here/05 Attach Weapons/Bows (+ R L Hand)/Bow 05 Purple Gold.prefab
  artifactKey: Guid(6de87d1c5b71b344e99de676cc9263b2) Importer(815301076,1909f56bfc062723c751e8b465ee728b)
Start importing Assets/Polygonal Fantasy Pack/Customize Character Here/05 Attach Weapons/Bows (+ R L Hand)/Bow 05 Purple Gold.prefab using Guid(6de87d1c5b71b344e99de676cc9263b2) Importer(815301076,1909f56bfc062723c751e8b465ee728b)  -> (artifact id: 'ef67f13fcaf6bda9d90ad2d770c088ba') in 0.010192 seconds
Number of updated asset objects reloaded before import = 0
Number of asset objects unloaded after import = 10
========================================================================
Received Prepare
Begin MonoManager ReloadAssembly
Symbol file LoadedFromMemory doesn't match image C:\Application\Unity\project\DoAnTotNghiep\Library\PackageCache\com.unity.visualscripting@1.8.0\Editor\VisualScripting.Core\Dependencies\YamlDotNet\Unity.VisualScripting.YamlDotNet.dll
Symbol file LoadedFromMemory doesn't match image C:\Application\Unity\project\DoAnTotNghiep\Library\PackageCache\com.unity.visualscripting@1.8.0\Editor\VisualScripting.Core\Dependencies\DotNetZip\Unity.VisualScripting.IonicZip.dll
- Loaded All Assemblies, in  0.705 seconds
Refreshing native plugins compatible for Editor in 1.95 ms, found 3 plugins.
Native extension for WindowsStandalone target not found
Mono: successfully reloaded assembly
- Finished resetting the current domain, in  1.116 seconds
Domain Reload Profiling: 1819ms
	BeginReloadAssembly (140ms)
		ExecutionOrderSort (0ms)
		DisableScriptedObjects (3ms)
		BackupInstance (0ms)
		ReleaseScriptingObjects (0ms)
		CreateAndSetChildDomain (50ms)
	RebuildCommonClasses (38ms)
	RebuildNativeTypeToScriptingClass (11ms)
	initialDomainReloadingComplete (28ms)
	LoadAllAssembliesAndSetupDomain (485ms)
		LoadAssemblies (250ms)
		RebuildTransferFunctionScriptingTraits (0ms)
		AnalyzeDomain (289ms)
			TypeCache.Refresh (285ms)
				TypeCache.ScanAssembly (270ms)
			ScanForSourceGeneratedMonoScriptInfo (0ms)
			ResolveRequiredComponents (4ms)
	FinalizeReload (1117ms)
		ReleaseScriptCaches (0ms)
		RebuildScriptCaches (0ms)
		SetupLoadedEditorAssemblies (719ms)
			LogAssemblyErrors (0ms)
			InitializePlatformSupportModulesInManaged (5ms)
			SetLoadedEditorAssemblies (3ms)
			RefreshPlugins (0ms)
			BeforeProcessingInitializeOnLoad (58ms)
			ProcessInitializeOnLoadAttributes (268ms)
			ProcessInitializeOnLoadMethodAttributes (378ms)
			AfterProcessingInitializeOnLoad (7ms)
			EditorAssembliesLoaded (0ms)
		ExecutionOrderSort2 (0ms)
		AwakeInstancesAfterBackupRestoration (8ms)
Refreshing native plugins compatible for Editor in 2.87 ms, found 3 plugins.
Preloading 0 native plugins for Editor in 0.00 ms.
Unloading 3587 Unused Serialized files (Serialized files now loaded: 0)
Unloading 29 unused Assets / (31.2 KB). Loaded Objects now: 4095.
Memory consumption went from 136.8 MB to 136.7 MB.
Total: 4.705500 ms (FindLiveObjects: 0.357100 ms CreateObjectMapping: 0.147900 ms MarkObjects: 4.073900 ms  DeleteObjects: 0.124900 ms)

Prepare: number of updated asset objects reloaded= 0
AssetImportParameters requested are different than current active one (requested -> active):
  custom:container-demuxer-ogg: 62fdf1f143b41e24485cea50d1cbac27 -> 
  custom:video-codec-MediaFoundation-h265: 746d11721c4dcdbdad8f713fa42b33f4 -> 
  custom:video-decoder-ogg-theora: a1e56fd34408186e4bbccfd4996cb3dc -> 
  custom:framework-win-MediaFoundation: 216162199b28c13a410421893ffa2e32 -> 
  custom:CustomObjectIndexerAttribute: 756ad292c208cfabdd7b50bc23989ffe -> 
  custom:container-demuxer-webm: 4f35f7cbe854078d1ac9338744f61a02 -> 
  custom:container-muxer-webm: aa71ff27fc2769a1b78a27578f13a17b -> 
  custom:video-decoder-webm-vp8: 9c59270c3fd7afecdb556c50c9e8de78 -> 
  custom:SearchIndexIgnoredProperties: e643bd26f0fe6173181afceb89e7c659 -> 
  custom:AudioImporter_EditorPlatform: d09bf68614088b80899f8185d706f6e7 -> 
  custom:video-encoder-webm-vp8: eb34c28f22e8b96e1ab97ce403110664 -> 
  custom:audio-decoder-ogg-vorbis: bf7c407c2cedff20999df2af8eb42d56 -> 
  custom:audio-encoder-webm-vorbis: bf7c407c2cedff20999df2af8eb42d56 -> 
Editor requested this worker to shutdown with reason: Scaling down because of idle timeout
TcpMessagingSession - receive error: operation aborted. errorcode: 995, details: The I/O operation has been aborted because of either a thread exit or an application request.
AssetImportWorker is now disconnected from the server
Process exiting
Exiting without the bug reporter. Application will terminate with return code 0