Using pre-set license
Built from '2022.3/staging' branch; Version is '2022.3.6f1 (b9e6e7e9fa2d) revision 12183271'; Using compiler version '192829333'; Build Type 'Release'
OS: 'Windows 11  (10.0.22000) 64bit CoreSingleLanguage' Language: 'en' Physical Memory: 16163 MB
BatchMode: 1, IsHumanControllingUs: 0, StartBugReporterOnCrash: 0, Is64bit: 1, IsPro: 1

COMMAND LINE ARGUMENTS:
C:\Application\Unity\2022.3.6f1\Editor\Unity.exe
-adb2
-batchMode
-noUpm
-name
AssetImportWorker14
-projectPath
C:/Application/Unity/project/DoAnTotNghiep
-logFile
Logs/AssetImportWorker14.log
-srvPort
51601
Successfully changed project path to: C:/Application/Unity/project/DoAnTotNghiep
C:/Application/Unity/project/DoAnTotNghiep
[UnityMemory] Configuration Parameters - Can be set up in boot.config
    "memorysetup-bucket-allocator-granularity=16"
    "memorysetup-bucket-allocator-bucket-count=8"
    "memorysetup-bucket-allocator-block-size=33554432"
    "memorysetup-bucket-allocator-block-count=8"
    "memorysetup-main-allocator-block-size=16777216"
    "memorysetup-thread-allocator-block-size=16777216"
    "memorysetup-gfx-main-allocator-block-size=16777216"
    "memorysetup-gfx-thread-allocator-block-size=16777216"
    "memorysetup-cache-allocator-block-size=4194304"
    "memorysetup-typetree-allocator-block-size=2097152"
    "memorysetup-profiler-bucket-allocator-granularity=16"
    "memorysetup-profiler-bucket-allocator-bucket-count=8"
    "memorysetup-profiler-bucket-allocator-block-size=33554432"
    "memorysetup-profiler-bucket-allocator-block-count=8"
    "memorysetup-profiler-allocator-block-size=16777216"
    "memorysetup-profiler-editor-allocator-block-size=1048576"
    "memorysetup-temp-allocator-size-main=16777216"
    "memorysetup-job-temp-allocator-block-size=2097152"
    "memorysetup-job-temp-allocator-block-size-background=1048576"
    "memorysetup-job-temp-allocator-reduction-small-platforms=262144"
    "memorysetup-allocator-temp-initial-block-size-main=262144"
    "memorysetup-allocator-temp-initial-block-size-worker=262144"
    "memorysetup-temp-allocator-size-background-worker=32768"
    "memorysetup-temp-allocator-size-job-worker=262144"
    "memorysetup-temp-allocator-size-preload-manager=33554432"
    "memorysetup-temp-allocator-size-nav-mesh-worker=65536"
    "memorysetup-temp-allocator-size-audio-worker=65536"
    "memorysetup-temp-allocator-size-cloud-worker=32768"
    "memorysetup-temp-allocator-size-gi-baking-worker=262144"
    "memorysetup-temp-allocator-size-gfx=262144"
Player connection [28316] Host "[IP] 192.168.50.189 [Port] 0 [Flags] 2 [Guid] 3033068086 [EditorId] 3033068086 [Version] 1048832 [Id] WindowsEditor(7,Tuche-295) [Debug] 1 [PackageName] WindowsEditor [ProjectName] Editor" joined multi-casting on [225.0.0.222:54997]...

Player connection [28316] Host "[IP] 192.168.50.189 [Port] 0 [Flags] 2 [Guid] 3033068086 [EditorId] 3033068086 [Version] 1048832 [Id] WindowsEditor(7,Tuche-295) [Debug] 1 [PackageName] WindowsEditor [ProjectName] Editor" joined alternative multi-casting on [225.0.0.222:34997]...

Refreshing native plugins compatible for Editor in 6.22 ms, found 3 plugins.
Preloading 0 native plugins for Editor in 0.00 ms.
Initialize engine version: 2022.3.6f1 (b9e6e7e9fa2d)
[Subsystems] Discovering subsystems at path C:/Application/Unity/2022.3.6f1/Editor/Data/Resources/UnitySubsystems
[Subsystems] Discovering subsystems at path C:/Application/Unity/project/DoAnTotNghiep/Assets
GfxDevice: creating device client; threaded=0; jobified=0
Direct3D:
    Version:  Direct3D 11.0 [level 11.1]
    Renderer: NVIDIA GeForce RTX 3060 Laptop GPU (ID=0x2520)
    Vendor:   NVIDIA
    VRAM:     6010 MB
    Driver:   31.0.15.4601
Initialize mono
Mono path[0] = 'C:/Application/Unity/2022.3.6f1/Editor/Data/Managed'
Mono path[1] = 'C:/Application/Unity/2022.3.6f1/Editor/Data/MonoBleedingEdge/lib/mono/unityjit-win32'
Mono config path = 'C:/Application/Unity/2022.3.6f1/Editor/Data/MonoBleedingEdge/etc'
Using monoOptions --debugger-agent=transport=dt_socket,embedding=1,server=y,suspend=n,address=127.0.0.1:56624
Begin MonoManager ReloadAssembly
Registering precompiled unity dll's ...
Register platform support module: C:/Application/Unity/2022.3.6f1/Editor/Data/PlaybackEngines/WindowsStandaloneSupport/UnityEditor.WindowsStandalone.Extensions.dll
Registered in 0.004705 seconds.
- Loaded All Assemblies, in  0.256 seconds
Native extension for WindowsStandalone target not found
Mono: successfully reloaded assembly
- Finished resetting the current domain, in  0.204 seconds
Domain Reload Profiling: 459ms
	BeginReloadAssembly (65ms)
		ExecutionOrderSort (0ms)
		DisableScriptedObjects (0ms)
		BackupInstance (0ms)
		ReleaseScriptingObjects (0ms)
		CreateAndSetChildDomain (1ms)
	RebuildCommonClasses (27ms)
	RebuildNativeTypeToScriptingClass (9ms)
	initialDomainReloadingComplete (47ms)
	LoadAllAssembliesAndSetupDomain (105ms)
		LoadAssemblies (64ms)
		RebuildTransferFunctionScriptingTraits (0ms)
		AnalyzeDomain (102ms)
			TypeCache.Refresh (101ms)
				TypeCache.ScanAssembly (90ms)
			ScanForSourceGeneratedMonoScriptInfo (0ms)
			ResolveRequiredComponents (0ms)
	FinalizeReload (205ms)
		ReleaseScriptCaches (0ms)
		RebuildScriptCaches (0ms)
		SetupLoadedEditorAssemblies (158ms)
			LogAssemblyErrors (0ms)
			InitializePlatformSupportModulesInManaged (7ms)
			SetLoadedEditorAssemblies (6ms)
			RefreshPlugins (0ms)
			BeforeProcessingInitializeOnLoad (2ms)
			ProcessInitializeOnLoadAttributes (107ms)
			ProcessInitializeOnLoadMethodAttributes (36ms)
			AfterProcessingInitializeOnLoad (0ms)
			EditorAssembliesLoaded (0ms)
		ExecutionOrderSort2 (0ms)
		AwakeInstancesAfterBackupRestoration (0ms)
========================================================================
Worker process is ready to serve import requests
Begin MonoManager ReloadAssembly
Symbol file LoadedFromMemory doesn't match image C:\Application\Unity\project\DoAnTotNghiep\Library\PackageCache\com.unity.visualscripting@1.8.0\Editor\VisualScripting.Core\Dependencies\YamlDotNet\Unity.VisualScripting.YamlDotNet.dll
Symbol file LoadedFromMemory doesn't match image C:\Application\Unity\project\DoAnTotNghiep\Library\PackageCache\com.unity.visualscripting@1.8.0\Editor\VisualScripting.Core\Dependencies\DotNetZip\Unity.VisualScripting.IonicZip.dll
- Loaded All Assemblies, in  0.566 seconds
Refreshing native plugins compatible for Editor in 2.01 ms, found 3 plugins.
Native extension for WindowsStandalone target not found
Mono: successfully reloaded assembly
- Finished resetting the current domain, in  0.384 seconds
Domain Reload Profiling: 949ms
	BeginReloadAssembly (101ms)
		ExecutionOrderSort (0ms)
		DisableScriptedObjects (4ms)
		BackupInstance (0ms)
		ReleaseScriptingObjects (0ms)
		CreateAndSetChildDomain (20ms)
	RebuildCommonClasses (31ms)
	RebuildNativeTypeToScriptingClass (8ms)
	initialDomainReloadingComplete (31ms)
	LoadAllAssembliesAndSetupDomain (394ms)
		LoadAssemblies (190ms)
		RebuildTransferFunctionScriptingTraits (0ms)
		AnalyzeDomain (249ms)
			TypeCache.Refresh (233ms)
				TypeCache.ScanAssembly (223ms)
			ScanForSourceGeneratedMonoScriptInfo (13ms)
			ResolveRequiredComponents (3ms)
	FinalizeReload (384ms)
		ReleaseScriptCaches (0ms)
		RebuildScriptCaches (0ms)
		SetupLoadedEditorAssemblies (272ms)
			LogAssemblyErrors (0ms)
			InitializePlatformSupportModulesInManaged (4ms)
			SetLoadedEditorAssemblies (4ms)
			RefreshPlugins (0ms)
			BeforeProcessingInitializeOnLoad (48ms)
			ProcessInitializeOnLoadAttributes (199ms)
			ProcessInitializeOnLoadMethodAttributes (13ms)
			AfterProcessingInitializeOnLoad (4ms)
			EditorAssembliesLoaded (0ms)
		ExecutionOrderSort2 (0ms)
		AwakeInstancesAfterBackupRestoration (6ms)
Launched and connected shader compiler UnityShaderCompiler.exe after 0.03 seconds
Refreshing native plugins compatible for Editor in 2.77 ms, found 3 plugins.
Preloading 0 native plugins for Editor in 0.00 ms.
Unloading 3203 Unused Serialized files (Serialized files now loaded: 0)
Unloading 34 unused Assets / (56.4 KB). Loaded Objects now: 3674.
Memory consumption went from 128.6 MB to 128.5 MB.
Total: 2.495000 ms (FindLiveObjects: 0.225000 ms CreateObjectMapping: 0.103600 ms MarkObjects: 2.064900 ms  DeleteObjects: 0.100500 ms)

AssetImportParameters requested are different than current active one (requested -> active):
  custom:container-demuxer-ogg: 62fdf1f143b41e24485cea50d1cbac27 -> 
  custom:video-codec-MediaFoundation-h265: 746d11721c4dcdbdad8f713fa42b33f4 -> 
  custom:video-decoder-ogg-theora: a1e56fd34408186e4bbccfd4996cb3dc -> 
  custom:framework-win-MediaFoundation: 216162199b28c13a410421893ffa2e32 -> 
  custom:CustomObjectIndexerAttribute: 756ad292c208cfabdd7b50bc23989ffe -> 
  custom:container-demuxer-webm: 4f35f7cbe854078d1ac9338744f61a02 -> 
  custom:container-muxer-webm: aa71ff27fc2769a1b78a27578f13a17b -> 
  custom:video-decoder-webm-vp8: 9c59270c3fd7afecdb556c50c9e8de78 -> 
  custom:SearchIndexIgnoredProperties: e643bd26f0fe6173181afceb89e7c659 -> 
  custom:AudioImporter_EditorPlatform: d09bf68614088b80899f8185d706f6e7 -> 
  custom:video-encoder-webm-vp8: eb34c28f22e8b96e1ab97ce403110664 -> 
  custom:audio-decoder-ogg-vorbis: bf7c407c2cedff20999df2af8eb42d56 -> 
  custom:audio-encoder-webm-vorbis: bf7c407c2cedff20999df2af8eb42d56 -> 
========================================================================
Received Import Request.
  Time since last request: 24254.717318 seconds.
  path: Assets/Polygonal Fantasy Pack/Customize Character Here/03 Customize Head/_Choose Hair Color/Hair Brown.mat
  artifactKey: Guid(7d2f0fd163fd051468e3b02859cf0655) Importer(815301076,1909f56bfc062723c751e8b465ee728b)
Start importing Assets/Polygonal Fantasy Pack/Customize Character Here/03 Customize Head/_Choose Hair Color/Hair Brown.mat using Guid(7d2f0fd163fd051468e3b02859cf0655) Importer(815301076,1909f56bfc062723c751e8b465ee728b)  -> (artifact id: '6c28219aec3ebefa9cbe46862f8e5ebd') in 0.106356 seconds
Number of updated asset objects reloaded before import = 0
Number of asset objects unloaded after import = 1
========================================================================
Received Import Request.
  Time since last request: 4.286540 seconds.
  path: Assets/Polygonal Fantasy Pack/Customize Character Here/03 Customize Head/Female Brows (+ Head)/Brow 01 Brown.prefab
  artifactKey: Guid(b5fcda8110b0b9e4ea0436f8afac5f56) Importer(815301076,1909f56bfc062723c751e8b465ee728b)
Start importing Assets/Polygonal Fantasy Pack/Customize Character Here/03 Customize Head/Female Brows (+ Head)/Brow 01 Brown.prefab using Guid(b5fcda8110b0b9e4ea0436f8afac5f56) Importer(815301076,1909f56bfc062723c751e8b465ee728b)  -> (artifact id: '795a5fedbe6405c3100005007278d45e') in 0.022397 seconds
Number of updated asset objects reloaded before import = 0
Number of asset objects unloaded after import = 8
========================================================================
Received Import Request.
  Time since last request: 0.002209 seconds.
  path: Assets/Polygonal Fantasy Pack/Customize Character Here/03 Customize Head/Female Brows (+ Head)/Brow 02 Blue.prefab
  artifactKey: Guid(2f5da12cfd760c04f976afd3c6cda098) Importer(815301076,1909f56bfc062723c751e8b465ee728b)
Start importing Assets/Polygonal Fantasy Pack/Customize Character Here/03 Customize Head/Female Brows (+ Head)/Brow 02 Blue.prefab using Guid(2f5da12cfd760c04f976afd3c6cda098) Importer(815301076,1909f56bfc062723c751e8b465ee728b)  -> (artifact id: 'ceb2947a8b997374f2abfc514e8b132a') in 0.009125 seconds
Number of updated asset objects reloaded before import = 0
Number of asset objects unloaded after import = 8
========================================================================
Received Import Request.
  Time since last request: 0.022510 seconds.
  path: Assets/Polygonal Fantasy Pack/Customize Character Here/03 Customize Head/Female Brows (+ Head)/Brow 03 Brown.prefab
  artifactKey: Guid(e9c1cca9649dc2d43ba23834112746df) Importer(815301076,1909f56bfc062723c751e8b465ee728b)
Start importing Assets/Polygonal Fantasy Pack/Customize Character Here/03 Customize Head/Female Brows (+ Head)/Brow 03 Brown.prefab using Guid(e9c1cca9649dc2d43ba23834112746df) Importer(815301076,1909f56bfc062723c751e8b465ee728b)  -> (artifact id: '4383a4f5180cdf4274f65b72d936de41') in 0.009963 seconds
Number of updated asset objects reloaded before import = 0
Number of asset objects unloaded after import = 8
========================================================================
Received Import Request.
  Time since last request: 0.017081 seconds.
  path: Assets/Polygonal Fantasy Pack/Customize Character Here/03 Customize Head/Female Brows (+ Head)/Brow 04 Brown.prefab
  artifactKey: Guid(bb7902670207b644fa36b2880e3d5b39) Importer(815301076,1909f56bfc062723c751e8b465ee728b)
Start importing Assets/Polygonal Fantasy Pack/Customize Character Here/03 Customize Head/Female Brows (+ Head)/Brow 04 Brown.prefab using Guid(bb7902670207b644fa36b2880e3d5b39) Importer(815301076,1909f56bfc062723c751e8b465ee728b)  -> (artifact id: '0c95243374e76727a4957750185560b5') in 0.009472 seconds
Number of updated asset objects reloaded before import = 0
Number of asset objects unloaded after import = 8
========================================================================
Received Import Request.
  Time since last request: 0.004853 seconds.
  path: Assets/Polygonal Fantasy Pack/Customize Character Here/03 Customize Head/Female Brows (+ Head)/Brow 05 Black.prefab
  artifactKey: Guid(b683bd118279bd8489f9115256bdf39f) Importer(815301076,1909f56bfc062723c751e8b465ee728b)
Start importing Assets/Polygonal Fantasy Pack/Customize Character Here/03 Customize Head/Female Brows (+ Head)/Brow 05 Black.prefab using Guid(b683bd118279bd8489f9115256bdf39f) Importer(815301076,1909f56bfc062723c751e8b465ee728b)  -> (artifact id: '2f3842d39e0bce472b88c687db9272e9') in 0.009609 seconds
Number of updated asset objects reloaded before import = 0
Number of asset objects unloaded after import = 8
========================================================================
Received Import Request.
  Time since last request: 2.729581 seconds.
  path: Assets/Polygonal Fantasy Pack/Customize Character Here/03 Customize Head/Female Earrings (+ R L Ear)/Earring 02 Silver.prefab
  artifactKey: Guid(ad218f00ac07cc14e8b02f1efb985e1a) Importer(815301076,1909f56bfc062723c751e8b465ee728b)
Start importing Assets/Polygonal Fantasy Pack/Customize Character Here/03 Customize Head/Female Earrings (+ R L Ear)/Earring 02 Silver.prefab using Guid(ad218f00ac07cc14e8b02f1efb985e1a) Importer(815301076,1909f56bfc062723c751e8b465ee728b)  -> (artifact id: '49f16ae750805ae20370a8047362cb74') in 0.011494 seconds
Number of updated asset objects reloaded before import = 0
Number of asset objects unloaded after import = 10
========================================================================
Received Import Request.
  Time since last request: 0.538809 seconds.
  path: Assets/Polygonal Fantasy Pack/Customize Character Here/03 Customize Head/Female Hair (+ Head)/Hair Female 01 Brown.prefab
  artifactKey: Guid(154ff89a9b87d5247bb8c68c67545001) Importer(815301076,1909f56bfc062723c751e8b465ee728b)
Start importing Assets/Polygonal Fantasy Pack/Customize Character Here/03 Customize Head/Female Hair (+ Head)/Hair Female 01 Brown.prefab using Guid(154ff89a9b87d5247bb8c68c67545001) Importer(815301076,1909f56bfc062723c751e8b465ee728b)  -> (artifact id: '9ac6fed5ed5f7e837145f746898d7f26') in 0.010994 seconds
Number of updated asset objects reloaded before import = 0
Number of asset objects unloaded after import = 8
========================================================================
Received Import Request.
  Time since last request: 0.004998 seconds.
  path: Assets/Polygonal Fantasy Pack/Customize Character Here/03 Customize Head/Female Hair (+ Head)/Hair Female 02 Black.prefab
  artifactKey: Guid(cb201fd590659b34b8103d48bb9ffb1d) Importer(815301076,1909f56bfc062723c751e8b465ee728b)
Start importing Assets/Polygonal Fantasy Pack/Customize Character Here/03 Customize Head/Female Hair (+ Head)/Hair Female 02 Black.prefab using Guid(cb201fd590659b34b8103d48bb9ffb1d) Importer(815301076,1909f56bfc062723c751e8b465ee728b)  -> (artifact id: '2e467686fb433da137a01c5918fe8e58') in 0.014498 seconds
Number of updated asset objects reloaded before import = 0
Number of asset objects unloaded after import = 8
========================================================================
Received Import Request.
  Time since last request: 0.023522 seconds.
  path: Assets/Polygonal Fantasy Pack/Customize Character Here/03 Customize Head/Female Hair (+ Head)/Hair Female 03 Brown.prefab
  artifactKey: Guid(86c55a3d5e31a69458ea1666b9c23677) Importer(815301076,1909f56bfc062723c751e8b465ee728b)
Start importing Assets/Polygonal Fantasy Pack/Customize Character Here/03 Customize Head/Female Hair (+ Head)/Hair Female 03 Brown.prefab using Guid(86c55a3d5e31a69458ea1666b9c23677) Importer(815301076,1909f56bfc062723c751e8b465ee728b)  -> (artifact id: '195b5bfeb1f8b97108520ef2a452be01') in 0.010686 seconds
Number of updated asset objects reloaded before import = 0
Number of asset objects unloaded after import = 8
========================================================================
Received Import Request.
  Time since last request: 0.007657 seconds.
  path: Assets/Polygonal Fantasy Pack/Customize Character Here/03 Customize Head/Female Hair (+ Head)/Hair Female 04 Blonde.prefab
  artifactKey: Guid(8404f6f5c4f892f479a23d240ae5eccc) Importer(815301076,1909f56bfc062723c751e8b465ee728b)
Start importing Assets/Polygonal Fantasy Pack/Customize Character Here/03 Customize Head/Female Hair (+ Head)/Hair Female 04 Blonde.prefab using Guid(8404f6f5c4f892f479a23d240ae5eccc) Importer(815301076,1909f56bfc062723c751e8b465ee728b)  -> (artifact id: '5a977aca018d4b9e3ebffa8a6acd334f') in 0.010471 seconds
Number of updated asset objects reloaded before import = 0
Number of asset objects unloaded after import = 8
========================================================================
Received Import Request.
  Time since last request: 0.025270 seconds.
  path: Assets/Polygonal Fantasy Pack/Customize Character Here/03 Customize Head/Female Hair (+ Head)/Hair Female 05 Brown.prefab
  artifactKey: Guid(f4132da864875bc469389d0988c3d6b9) Importer(815301076,1909f56bfc062723c751e8b465ee728b)
Start importing Assets/Polygonal Fantasy Pack/Customize Character Here/03 Customize Head/Female Hair (+ Head)/Hair Female 05 Brown.prefab using Guid(f4132da864875bc469389d0988c3d6b9) Importer(815301076,1909f56bfc062723c751e8b465ee728b)  -> (artifact id: '378b8f891e918f8c6c463f25c7419821') in 0.010131 seconds
Number of updated asset objects reloaded before import = 0
Number of asset objects unloaded after import = 8
========================================================================
Received Import Request.
  Time since last request: 0.644033 seconds.
  path: Assets/Polygonal Fantasy Pack/Customize Character Here/03 Customize Head/Female Hats (+ Head)/Hat 02 Brown Silver.prefab
  artifactKey: Guid(7d76cfc96e0aa4f4fad13d25e792ce94) Importer(815301076,1909f56bfc062723c751e8b465ee728b)
Start importing Assets/Polygonal Fantasy Pack/Customize Character Here/03 Customize Head/Female Hats (+ Head)/Hat 02 Brown Silver.prefab using Guid(7d76cfc96e0aa4f4fad13d25e792ce94) Importer(815301076,1909f56bfc062723c751e8b465ee728b)  -> (artifact id: 'c08e7229b97298ead9cf5c82d0d52129') in 0.010150 seconds
Number of updated asset objects reloaded before import = 0
Number of asset objects unloaded after import = 16
Editor requested this worker to shutdown with reason: Scaling down because of idle timeout
TcpMessagingSession - receive error: operation aborted. errorcode: 995, details: The I/O operation has been aborted because of either a thread exit or an application request.
AssetImportWorker is now disconnected from the server
Process exiting
Exiting without the bug reporter. Application will terminate with return code 0