Using pre-set license
Built from '2022.3/staging' branch; Version is '2022.3.6f1 (b9e6e7e9fa2d) revision 12183271'; Using compiler version '192829333'; Build Type 'Release'
OS: 'Windows 11  (10.0.22000) 64bit CoreSingleLanguage' Language: 'en' Physical Memory: 16163 MB
BatchMode: 1, IsHumanControllingUs: 0, StartBugReporterOnCrash: 0, Is64bit: 1, IsPro: 1

COMMAND LINE ARGUMENTS:
C:\Application\Unity\2022.3.6f1\Editor\Unity.exe
-adb2
-batchMode
-noUpm
-name
AssetImportWorker8
-projectPath
C:/Application/Unity/project/DoAnTotNghiep
-logFile
Logs/AssetImportWorker8.log
-srvPort
51601
Successfully changed project path to: C:/Application/Unity/project/DoAnTotNghiep
C:/Application/Unity/project/DoAnTotNghiep
[UnityMemory] Configuration Parameters - Can be set up in boot.config
    "memorysetup-bucket-allocator-granularity=16"
    "memorysetup-bucket-allocator-bucket-count=8"
    "memorysetup-bucket-allocator-block-size=33554432"
    "memorysetup-bucket-allocator-block-count=8"
    "memorysetup-main-allocator-block-size=16777216"
    "memorysetup-thread-allocator-block-size=16777216"
    "memorysetup-gfx-main-allocator-block-size=16777216"
    "memorysetup-gfx-thread-allocator-block-size=16777216"
    "memorysetup-cache-allocator-block-size=4194304"
    "memorysetup-typetree-allocator-block-size=2097152"
    "memorysetup-profiler-bucket-allocator-granularity=16"
    "memorysetup-profiler-bucket-allocator-bucket-count=8"
    "memorysetup-profiler-bucket-allocator-block-size=33554432"
    "memorysetup-profiler-bucket-allocator-block-count=8"
    "memorysetup-profiler-allocator-block-size=16777216"
    "memorysetup-profiler-editor-allocator-block-size=1048576"
    "memorysetup-temp-allocator-size-main=16777216"
    "memorysetup-job-temp-allocator-block-size=2097152"
    "memorysetup-job-temp-allocator-block-size-background=1048576"
    "memorysetup-job-temp-allocator-reduction-small-platforms=262144"
    "memorysetup-allocator-temp-initial-block-size-main=262144"
    "memorysetup-allocator-temp-initial-block-size-worker=262144"
    "memorysetup-temp-allocator-size-background-worker=32768"
    "memorysetup-temp-allocator-size-job-worker=262144"
    "memorysetup-temp-allocator-size-preload-manager=33554432"
    "memorysetup-temp-allocator-size-nav-mesh-worker=65536"
    "memorysetup-temp-allocator-size-audio-worker=65536"
    "memorysetup-temp-allocator-size-cloud-worker=32768"
    "memorysetup-temp-allocator-size-gi-baking-worker=262144"
    "memorysetup-temp-allocator-size-gfx=262144"
Player connection [6860] Host "[IP] 192.168.50.189 [Port] 0 [Flags] 2 [Guid] 2001104379 [EditorId] 2001104379 [Version] 1048832 [Id] WindowsEditor(7,Tuche-295) [Debug] 1 [PackageName] WindowsEditor [ProjectName] Editor" joined multi-casting on [225.0.0.222:54997]...

Player connection [6860] Host "[IP] 192.168.50.189 [Port] 0 [Flags] 2 [Guid] 2001104379 [EditorId] 2001104379 [Version] 1048832 [Id] WindowsEditor(7,Tuche-295) [Debug] 1 [PackageName] WindowsEditor [ProjectName] Editor" joined alternative multi-casting on [225.0.0.222:34997]...

Refreshing native plugins compatible for Editor in 4.86 ms, found 3 plugins.
Preloading 0 native plugins for Editor in 0.00 ms.
Initialize engine version: 2022.3.6f1 (b9e6e7e9fa2d)
[Subsystems] Discovering subsystems at path C:/Application/Unity/2022.3.6f1/Editor/Data/Resources/UnitySubsystems
[Subsystems] Discovering subsystems at path C:/Application/Unity/project/DoAnTotNghiep/Assets
GfxDevice: creating device client; threaded=0; jobified=0
Direct3D:
    Version:  Direct3D 11.0 [level 11.1]
    Renderer: NVIDIA GeForce RTX 3060 Laptop GPU (ID=0x2520)
    Vendor:   NVIDIA
    VRAM:     6010 MB
    Driver:   31.0.15.4601
Initialize mono
Mono path[0] = 'C:/Application/Unity/2022.3.6f1/Editor/Data/Managed'
Mono path[1] = 'C:/Application/Unity/2022.3.6f1/Editor/Data/MonoBleedingEdge/lib/mono/unityjit-win32'
Mono config path = 'C:/Application/Unity/2022.3.6f1/Editor/Data/MonoBleedingEdge/etc'
Using monoOptions --debugger-agent=transport=dt_socket,embedding=1,server=y,suspend=n,address=127.0.0.1:56052
Begin MonoManager ReloadAssembly
Registering precompiled unity dll's ...
Register platform support module: C:/Application/Unity/2022.3.6f1/Editor/Data/PlaybackEngines/WindowsStandaloneSupport/UnityEditor.WindowsStandalone.Extensions.dll
Registered in 0.004170 seconds.
- Loaded All Assemblies, in  0.290 seconds
Native extension for WindowsStandalone target not found
Mono: successfully reloaded assembly
- Finished resetting the current domain, in  0.254 seconds
Domain Reload Profiling: 543ms
	BeginReloadAssembly (72ms)
		ExecutionOrderSort (0ms)
		DisableScriptedObjects (0ms)
		BackupInstance (0ms)
		ReleaseScriptingObjects (0ms)
		CreateAndSetChildDomain (1ms)
	RebuildCommonClasses (31ms)
	RebuildNativeTypeToScriptingClass (10ms)
	initialDomainReloadingComplete (55ms)
	LoadAllAssembliesAndSetupDomain (122ms)
		LoadAssemblies (70ms)
		RebuildTransferFunctionScriptingTraits (0ms)
		AnalyzeDomain (117ms)
			TypeCache.Refresh (117ms)
				TypeCache.ScanAssembly (107ms)
			ScanForSourceGeneratedMonoScriptInfo (0ms)
			ResolveRequiredComponents (0ms)
	FinalizeReload (254ms)
		ReleaseScriptCaches (0ms)
		RebuildScriptCaches (0ms)
		SetupLoadedEditorAssemblies (203ms)
			LogAssemblyErrors (0ms)
			InitializePlatformSupportModulesInManaged (8ms)
			SetLoadedEditorAssemblies (7ms)
			RefreshPlugins (0ms)
			BeforeProcessingInitializeOnLoad (2ms)
			ProcessInitializeOnLoadAttributes (145ms)
			ProcessInitializeOnLoadMethodAttributes (41ms)
			AfterProcessingInitializeOnLoad (0ms)
			EditorAssembliesLoaded (0ms)
		ExecutionOrderSort2 (0ms)
		AwakeInstancesAfterBackupRestoration (0ms)
========================================================================
Worker process is ready to serve import requests
Begin MonoManager ReloadAssembly
Symbol file LoadedFromMemory doesn't match image C:\Application\Unity\project\DoAnTotNghiep\Library\PackageCache\com.unity.visualscripting@1.8.0\Editor\VisualScripting.Core\Dependencies\YamlDotNet\Unity.VisualScripting.YamlDotNet.dll
Symbol file LoadedFromMemory doesn't match image C:\Application\Unity\project\DoAnTotNghiep\Library\PackageCache\com.unity.visualscripting@1.8.0\Editor\VisualScripting.Core\Dependencies\DotNetZip\Unity.VisualScripting.IonicZip.dll
- Loaded All Assemblies, in  0.640 seconds
Refreshing native plugins compatible for Editor in 2.50 ms, found 3 plugins.
Native extension for WindowsStandalone target not found
Mono: successfully reloaded assembly
- Finished resetting the current domain, in  0.442 seconds
Domain Reload Profiling: 1080ms
	BeginReloadAssembly (109ms)
		ExecutionOrderSort (0ms)
		DisableScriptedObjects (5ms)
		BackupInstance (0ms)
		ReleaseScriptingObjects (0ms)
		CreateAndSetChildDomain (20ms)
	RebuildCommonClasses (26ms)
	RebuildNativeTypeToScriptingClass (11ms)
	initialDomainReloadingComplete (36ms)
	LoadAllAssembliesAndSetupDomain (456ms)
		LoadAssemblies (224ms)
		RebuildTransferFunctionScriptingTraits (0ms)
		AnalyzeDomain (282ms)
			TypeCache.Refresh (264ms)
				TypeCache.ScanAssembly (253ms)
			ScanForSourceGeneratedMonoScriptInfo (14ms)
			ResolveRequiredComponents (4ms)
	FinalizeReload (442ms)
		ReleaseScriptCaches (0ms)
		RebuildScriptCaches (0ms)
		SetupLoadedEditorAssemblies (299ms)
			LogAssemblyErrors (0ms)
			InitializePlatformSupportModulesInManaged (5ms)
			SetLoadedEditorAssemblies (4ms)
			RefreshPlugins (0ms)
			BeforeProcessingInitializeOnLoad (49ms)
			ProcessInitializeOnLoadAttributes (220ms)
			ProcessInitializeOnLoadMethodAttributes (17ms)
			AfterProcessingInitializeOnLoad (5ms)
			EditorAssembliesLoaded (0ms)
		ExecutionOrderSort2 (0ms)
		AwakeInstancesAfterBackupRestoration (6ms)
Launched and connected shader compiler UnityShaderCompiler.exe after 0.04 seconds
Refreshing native plugins compatible for Editor in 2.21 ms, found 3 plugins.
Preloading 0 native plugins for Editor in 0.00 ms.
Unloading 3203 Unused Serialized files (Serialized files now loaded: 0)
Unloading 34 unused Assets / (56.6 KB). Loaded Objects now: 3674.
Memory consumption went from 128.6 MB to 128.5 MB.
Total: 3.035900 ms (FindLiveObjects: 0.316700 ms CreateObjectMapping: 0.089900 ms MarkObjects: 2.515400 ms  DeleteObjects: 0.112800 ms)

AssetImportParameters requested are different than current active one (requested -> active):
  custom:container-demuxer-ogg: 62fdf1f143b41e24485cea50d1cbac27 -> 
  custom:video-codec-MediaFoundation-h265: 746d11721c4dcdbdad8f713fa42b33f4 -> 
  custom:video-decoder-ogg-theora: a1e56fd34408186e4bbccfd4996cb3dc -> 
  custom:framework-win-MediaFoundation: 216162199b28c13a410421893ffa2e32 -> 
  custom:CustomObjectIndexerAttribute: 756ad292c208cfabdd7b50bc23989ffe -> 
  custom:container-demuxer-webm: 4f35f7cbe854078d1ac9338744f61a02 -> 
  custom:container-muxer-webm: aa71ff27fc2769a1b78a27578f13a17b -> 
  custom:video-decoder-webm-vp8: 9c59270c3fd7afecdb556c50c9e8de78 -> 
  custom:SearchIndexIgnoredProperties: e643bd26f0fe6173181afceb89e7c659 -> 
  custom:AudioImporter_EditorPlatform: d09bf68614088b80899f8185d706f6e7 -> 
  custom:video-encoder-webm-vp8: eb34c28f22e8b96e1ab97ce403110664 -> 
  custom:audio-decoder-ogg-vorbis: bf7c407c2cedff20999df2af8eb42d56 -> 
  custom:audio-encoder-webm-vorbis: bf7c407c2cedff20999df2af8eb42d56 -> 
========================================================================
Received Import Request.
  Time since last request: 21553.202223 seconds.
  path: Assets/Polygonal Fantasy Pack/Customize Character Here/05 Attach Weapons/Swords (+ R L Hand)/Sword 01 Blue Silver.prefab
  artifactKey: Guid(95a29a338d0dd1d4ca4def431e4f4594) Importer(815301076,1909f56bfc062723c751e8b465ee728b)
Start importing Assets/Polygonal Fantasy Pack/Customize Character Here/05 Attach Weapons/Swords (+ R L Hand)/Sword 01 Blue Silver.prefab using Guid(95a29a338d0dd1d4ca4def431e4f4594) Importer(815301076,1909f56bfc062723c751e8b465ee728b)  -> (artifact id: '1a1f9c118198f5e955d579de8e40ccc1') in 0.105921 seconds
Number of updated asset objects reloaded before import = 0
Number of asset objects unloaded after import = 10
========================================================================
Received Import Request.
  Time since last request: 0.000029 seconds.
  path: Assets/Polygonal Fantasy Pack/Customize Character Here/05 Attach Weapons/Swords (+ R L Hand)/Sword 02 Red Gold.prefab
  artifactKey: Guid(9132045cda1a04940881e410bd7668ff) Importer(815301076,1909f56bfc062723c751e8b465ee728b)
Start importing Assets/Polygonal Fantasy Pack/Customize Character Here/05 Attach Weapons/Swords (+ R L Hand)/Sword 02 Red Gold.prefab using Guid(9132045cda1a04940881e410bd7668ff) Importer(815301076,1909f56bfc062723c751e8b465ee728b)  -> (artifact id: '868668b35df0d7da41e235898cc409e6') in 0.012865 seconds
Number of updated asset objects reloaded before import = 0
Number of asset objects unloaded after import = 10
========================================================================
Received Import Request.
  Time since last request: 0.000015 seconds.
  path: Assets/Polygonal Fantasy Pack/Customize Character Here/05 Attach Weapons/Swords (+ R L Hand)/Sword 02 White Silver.prefab
  artifactKey: Guid(bf6a9b2c8b573894a8d41336ea4f6de8) Importer(815301076,1909f56bfc062723c751e8b465ee728b)
Start importing Assets/Polygonal Fantasy Pack/Customize Character Here/05 Attach Weapons/Swords (+ R L Hand)/Sword 02 White Silver.prefab using Guid(bf6a9b2c8b573894a8d41336ea4f6de8) Importer(815301076,1909f56bfc062723c751e8b465ee728b)  -> (artifact id: '50e443b631ef95e5a21f1aeb12877940') in 0.016645 seconds
Number of updated asset objects reloaded before import = 0
Number of asset objects unloaded after import = 10
========================================================================
Received Import Request.
  Time since last request: 0.000016 seconds.
  path: Assets/Polygonal Fantasy Pack/Customize Character Here/05 Attach Weapons/Swords (+ R L Hand)/Sword 03 Green Gold.prefab
  artifactKey: Guid(a27b7784822aced4c8c11cc7754f8854) Importer(815301076,1909f56bfc062723c751e8b465ee728b)
Start importing Assets/Polygonal Fantasy Pack/Customize Character Here/05 Attach Weapons/Swords (+ R L Hand)/Sword 03 Green Gold.prefab using Guid(a27b7784822aced4c8c11cc7754f8854) Importer(815301076,1909f56bfc062723c751e8b465ee728b)  -> (artifact id: '6c804bd0ec08248b6bb7ce769d442381') in 0.062317 seconds
Number of updated asset objects reloaded before import = 0
Number of asset objects unloaded after import = 10
========================================================================
Received Import Request.
  Time since last request: 0.000021 seconds.
  path: Assets/Polygonal Fantasy Pack/Customize Character Here/05 Attach Weapons/Swords (+ R L Hand)/Sword 03 Green Silver.prefab
  artifactKey: Guid(ba22fa736e372a849ba90d0078da1d45) Importer(815301076,1909f56bfc062723c751e8b465ee728b)
Start importing Assets/Polygonal Fantasy Pack/Customize Character Here/05 Attach Weapons/Swords (+ R L Hand)/Sword 03 Green Silver.prefab using Guid(ba22fa736e372a849ba90d0078da1d45) Importer(815301076,1909f56bfc062723c751e8b465ee728b)  -> (artifact id: '99617dbf966c161636670fe575559923') in 0.011526 seconds
Number of updated asset objects reloaded before import = 0
Number of asset objects unloaded after import = 10
========================================================================
Received Import Request.
  Time since last request: 1.013103 seconds.
  path: Assets/Polygonal Fantasy Pack/Customize Character Here/05 Attach Weapons/Swords (+ R L Hand)/Sword 03 Grey Silver.prefab
  artifactKey: Guid(5a07554302b69b446b6ffa5d6e026576) Importer(815301076,1909f56bfc062723c751e8b465ee728b)
Start importing Assets/Polygonal Fantasy Pack/Customize Character Here/05 Attach Weapons/Swords (+ R L Hand)/Sword 03 Grey Silver.prefab using Guid(5a07554302b69b446b6ffa5d6e026576) Importer(815301076,1909f56bfc062723c751e8b465ee728b)  -> (artifact id: '076acbf413e9e80b343f7e2b46374833') in 0.010468 seconds
Number of updated asset objects reloaded before import = 0
Number of asset objects unloaded after import = 10
========================================================================
Received Import Request.
  Time since last request: 0.042758 seconds.
  path: Assets/Polygonal Fantasy Pack/Customize Character Here/05 Attach Weapons/Swords (+ R L Hand)/Sword 03 Red Gold.prefab
  artifactKey: Guid(2c8062846c569bf48bbfccea8f0d168b) Importer(815301076,1909f56bfc062723c751e8b465ee728b)
Start importing Assets/Polygonal Fantasy Pack/Customize Character Here/05 Attach Weapons/Swords (+ R L Hand)/Sword 03 Red Gold.prefab using Guid(2c8062846c569bf48bbfccea8f0d168b) Importer(815301076,1909f56bfc062723c751e8b465ee728b)  -> (artifact id: '4eac6ca6805d68578b1bc333ba5a1daf') in 0.009577 seconds
Number of updated asset objects reloaded before import = 0
Number of asset objects unloaded after import = 10
========================================================================
Received Import Request.
  Time since last request: 0.034377 seconds.
  path: Assets/Polygonal Fantasy Pack/Customize Character Here/05 Attach Weapons/Swords (+ R L Hand)/Sword 03 White Silver.prefab
  artifactKey: Guid(fe48871347a781e4c8eca0cb27515440) Importer(815301076,1909f56bfc062723c751e8b465ee728b)
Start importing Assets/Polygonal Fantasy Pack/Customize Character Here/05 Attach Weapons/Swords (+ R L Hand)/Sword 03 White Silver.prefab using Guid(fe48871347a781e4c8eca0cb27515440) Importer(815301076,1909f56bfc062723c751e8b465ee728b)  -> (artifact id: '569393e2bdf0709a8b53969fba57dd36') in 0.010648 seconds
Number of updated asset objects reloaded before import = 0
Number of asset objects unloaded after import = 10
========================================================================
Received Import Request.
  Time since last request: 0.255339 seconds.
  path: Assets/Polygonal Fantasy Pack/Customize Character Here/05 Attach Weapons/Swords (+ R L Hand)/Sword 04 Brown Gold.prefab
  artifactKey: Guid(5c47296331f62964d99154f3df61e69a) Importer(815301076,1909f56bfc062723c751e8b465ee728b)
Start importing Assets/Polygonal Fantasy Pack/Customize Character Here/05 Attach Weapons/Swords (+ R L Hand)/Sword 04 Brown Gold.prefab using Guid(5c47296331f62964d99154f3df61e69a) Importer(815301076,1909f56bfc062723c751e8b465ee728b)  -> (artifact id: '1e181acd9c089b9fd69612f802a9318b') in 0.011425 seconds
Number of updated asset objects reloaded before import = 0
Number of asset objects unloaded after import = 10
========================================================================
Received Import Request.
  Time since last request: 0.004887 seconds.
  path: Assets/Polygonal Fantasy Pack/Customize Character Here/05 Attach Weapons/Swords (+ R L Hand)/Sword 04 Green Silver.prefab
  artifactKey: Guid(9dbe8fc2b7c950249b0dc5cb045d92e2) Importer(815301076,1909f56bfc062723c751e8b465ee728b)
Start importing Assets/Polygonal Fantasy Pack/Customize Character Here/05 Attach Weapons/Swords (+ R L Hand)/Sword 04 Green Silver.prefab using Guid(9dbe8fc2b7c950249b0dc5cb045d92e2) Importer(815301076,1909f56bfc062723c751e8b465ee728b)  -> (artifact id: '2a86ffce51be068b79b88322131d33a8') in 0.010004 seconds
Number of updated asset objects reloaded before import = 0
Number of asset objects unloaded after import = 10
========================================================================
Received Import Request.
  Time since last request: 0.037609 seconds.
  path: Assets/Polygonal Fantasy Pack/Customize Character Here/05 Attach Weapons/Swords (+ R L Hand)/Sword 04 Purple Gold.prefab
  artifactKey: Guid(d7c84b9979b8fb840825cf090afe9d3f) Importer(815301076,1909f56bfc062723c751e8b465ee728b)
Start importing Assets/Polygonal Fantasy Pack/Customize Character Here/05 Attach Weapons/Swords (+ R L Hand)/Sword 04 Purple Gold.prefab using Guid(d7c84b9979b8fb840825cf090afe9d3f) Importer(815301076,1909f56bfc062723c751e8b465ee728b)  -> (artifact id: '4b8f3fb2bf854471667f2154212c65de') in 0.009278 seconds
Number of updated asset objects reloaded before import = 0
Number of asset objects unloaded after import = 10
========================================================================
Received Import Request.
  Time since last request: 0.213640 seconds.
  path: Assets/Polygonal Fantasy Pack/Customize Character Here/05 Attach Weapons/Swords (+ R L Hand)/Sword 04 Red Silver.prefab
  artifactKey: Guid(e9408c9ac5bbc8a489f89a5670e2ff8c) Importer(815301076,1909f56bfc062723c751e8b465ee728b)
Start importing Assets/Polygonal Fantasy Pack/Customize Character Here/05 Attach Weapons/Swords (+ R L Hand)/Sword 04 Red Silver.prefab using Guid(e9408c9ac5bbc8a489f89a5670e2ff8c) Importer(815301076,1909f56bfc062723c751e8b465ee728b)  -> (artifact id: 'f8a856754f8639c77fb672b7d2fc41aa') in 0.011571 seconds
Number of updated asset objects reloaded before import = 0
Number of asset objects unloaded after import = 10
========================================================================
Received Import Request.
  Time since last request: 0.030778 seconds.
  path: Assets/Polygonal Fantasy Pack/Customize Character Here/05 Attach Weapons/Swords (+ R L Hand)/Sword 05 Blue Gold.prefab
  artifactKey: Guid(476afcbf11ea5854eb45480e98e8f62a) Importer(815301076,1909f56bfc062723c751e8b465ee728b)
Start importing Assets/Polygonal Fantasy Pack/Customize Character Here/05 Attach Weapons/Swords (+ R L Hand)/Sword 05 Blue Gold.prefab using Guid(476afcbf11ea5854eb45480e98e8f62a) Importer(815301076,1909f56bfc062723c751e8b465ee728b)  -> (artifact id: '0bba0fca3f65c9679fba4399fa76f6b0') in 0.009954 seconds
Number of updated asset objects reloaded before import = 0
Number of asset objects unloaded after import = 10
========================================================================
Received Import Request.
  Time since last request: 0.017334 seconds.
  path: Assets/Polygonal Fantasy Pack/Customize Character Here/05 Attach Weapons/Swords (+ R L Hand)/Sword 05 Brown Silver.prefab
  artifactKey: Guid(f85010856dbc7b142b928f575b2f2b83) Importer(815301076,1909f56bfc062723c751e8b465ee728b)
Start importing Assets/Polygonal Fantasy Pack/Customize Character Here/05 Attach Weapons/Swords (+ R L Hand)/Sword 05 Brown Silver.prefab using Guid(f85010856dbc7b142b928f575b2f2b83) Importer(815301076,1909f56bfc062723c751e8b465ee728b)  -> (artifact id: '2468a42a07de131a4fc89a9aaaef96f7') in 0.009634 seconds
Number of updated asset objects reloaded before import = 0
Number of asset objects unloaded after import = 10
========================================================================
Received Prepare
Begin MonoManager ReloadAssembly
Symbol file LoadedFromMemory doesn't match image C:\Application\Unity\project\DoAnTotNghiep\Library\PackageCache\com.unity.visualscripting@1.8.0\Editor\VisualScripting.Core\Dependencies\YamlDotNet\Unity.VisualScripting.YamlDotNet.dll
Symbol file LoadedFromMemory doesn't match image C:\Application\Unity\project\DoAnTotNghiep\Library\PackageCache\com.unity.visualscripting@1.8.0\Editor\VisualScripting.Core\Dependencies\DotNetZip\Unity.VisualScripting.IonicZip.dll
- Loaded All Assemblies, in  0.634 seconds
Refreshing native plugins compatible for Editor in 2.12 ms, found 3 plugins.
Native extension for WindowsStandalone target not found
Mono: successfully reloaded assembly
- Finished resetting the current domain, in  0.642 seconds
Domain Reload Profiling: 1274ms
	BeginReloadAssembly (125ms)
		ExecutionOrderSort (0ms)
		DisableScriptedObjects (4ms)
		BackupInstance (0ms)
		ReleaseScriptingObjects (0ms)
		CreateAndSetChildDomain (38ms)
	RebuildCommonClasses (32ms)
	RebuildNativeTypeToScriptingClass (11ms)
	initialDomainReloadingComplete (29ms)
	LoadAllAssembliesAndSetupDomain (434ms)
		LoadAssemblies (220ms)
		RebuildTransferFunctionScriptingTraits (0ms)
		AnalyzeDomain (264ms)
			TypeCache.Refresh (260ms)
				TypeCache.ScanAssembly (247ms)
			ScanForSourceGeneratedMonoScriptInfo (0ms)
			ResolveRequiredComponents (4ms)
	FinalizeReload (643ms)
		ReleaseScriptCaches (0ms)
		RebuildScriptCaches (0ms)
		SetupLoadedEditorAssemblies (305ms)
			LogAssemblyErrors (0ms)
			InitializePlatformSupportModulesInManaged (5ms)
			SetLoadedEditorAssemblies (5ms)
			RefreshPlugins (0ms)
			BeforeProcessingInitializeOnLoad (52ms)
			ProcessInitializeOnLoadAttributes (217ms)
			ProcessInitializeOnLoadMethodAttributes (22ms)
			AfterProcessingInitializeOnLoad (5ms)
			EditorAssembliesLoaded (0ms)
		ExecutionOrderSort2 (0ms)
		AwakeInstancesAfterBackupRestoration (8ms)
Refreshing native plugins compatible for Editor in 2.61 ms, found 3 plugins.
Preloading 0 native plugins for Editor in 0.00 ms.
Unloading 3181 Unused Serialized files (Serialized files now loaded: 0)
Unloading 25 unused Assets / (30.6 KB). Loaded Objects now: 3685.
Memory consumption went from 128.0 MB to 127.9 MB.
Total: 3.093700 ms (FindLiveObjects: 0.273300 ms CreateObjectMapping: 0.104400 ms MarkObjects: 2.637400 ms  DeleteObjects: 0.077400 ms)

Prepare: number of updated asset objects reloaded= 0
AssetImportParameters requested are different than current active one (requested -> active):
  custom:container-demuxer-ogg: 62fdf1f143b41e24485cea50d1cbac27 -> 
  custom:video-codec-MediaFoundation-h265: 746d11721c4dcdbdad8f713fa42b33f4 -> 
  custom:video-decoder-ogg-theora: a1e56fd34408186e4bbccfd4996cb3dc -> 
  custom:framework-win-MediaFoundation: 216162199b28c13a410421893ffa2e32 -> 
  custom:CustomObjectIndexerAttribute: 756ad292c208cfabdd7b50bc23989ffe -> 
  custom:container-demuxer-webm: 4f35f7cbe854078d1ac9338744f61a02 -> 
  custom:container-muxer-webm: aa71ff27fc2769a1b78a27578f13a17b -> 
  custom:video-decoder-webm-vp8: 9c59270c3fd7afecdb556c50c9e8de78 -> 
  custom:SearchIndexIgnoredProperties: e643bd26f0fe6173181afceb89e7c659 -> 
  custom:AudioImporter_EditorPlatform: d09bf68614088b80899f8185d706f6e7 -> 
  custom:video-encoder-webm-vp8: eb34c28f22e8b96e1ab97ce403110664 -> 
  custom:audio-decoder-ogg-vorbis: bf7c407c2cedff20999df2af8eb42d56 -> 
  custom:audio-encoder-webm-vorbis: bf7c407c2cedff20999df2af8eb42d56 -> 
Editor requested this worker to shutdown with reason: Scaling down because of idle timeout
TcpMessagingSession - receive error: operation aborted. errorcode: 995, details: The I/O operation has been aborted because of either a thread exit or an application request.
AssetImportWorker is now disconnected from the server
Process exiting
Exiting without the bug reporter. Application will terminate with return code 0