Using pre-set license
Built from '2022.3/staging' branch; Version is '2022.3.6f1 (b9e6e7e9fa2d) revision 12183271'; Using compiler version '192829333'; Build Type 'Release'
OS: 'Windows 11  (10.0.22000) 64bit CoreSingleLanguage' Language: 'en' Physical Memory: 16163 MB
BatchMode: 1, IsHumanControllingUs: 0, StartBugReporterOnCrash: 0, Is64bit: 1, IsPro: 1

COMMAND LINE ARGUMENTS:
C:\Application\Unity\2022.3.6f1\Editor\Unity.exe
-adb2
-batchMode
-noUpm
-name
AssetImportWorker16
-projectPath
C:/Application/Unity/project/DoAnTotNghiep
-logFile
Logs/AssetImportWorker16.log
-srvPort
51601
Successfully changed project path to: C:/Application/Unity/project/DoAnTotNghiep
C:/Application/Unity/project/DoAnTotNghiep
[UnityMemory] Configuration Parameters - Can be set up in boot.config
    "memorysetup-bucket-allocator-granularity=16"
    "memorysetup-bucket-allocator-bucket-count=8"
    "memorysetup-bucket-allocator-block-size=33554432"
    "memorysetup-bucket-allocator-block-count=8"
    "memorysetup-main-allocator-block-size=16777216"
    "memorysetup-thread-allocator-block-size=16777216"
    "memorysetup-gfx-main-allocator-block-size=16777216"
    "memorysetup-gfx-thread-allocator-block-size=16777216"
    "memorysetup-cache-allocator-block-size=4194304"
    "memorysetup-typetree-allocator-block-size=2097152"
    "memorysetup-profiler-bucket-allocator-granularity=16"
    "memorysetup-profiler-bucket-allocator-bucket-count=8"
    "memorysetup-profiler-bucket-allocator-block-size=33554432"
    "memorysetup-profiler-bucket-allocator-block-count=8"
    "memorysetup-profiler-allocator-block-size=16777216"
    "memorysetup-profiler-editor-allocator-block-size=1048576"
    "memorysetup-temp-allocator-size-main=16777216"
    "memorysetup-job-temp-allocator-block-size=2097152"
    "memorysetup-job-temp-allocator-block-size-background=1048576"
    "memorysetup-job-temp-allocator-reduction-small-platforms=262144"
    "memorysetup-allocator-temp-initial-block-size-main=262144"
    "memorysetup-allocator-temp-initial-block-size-worker=262144"
    "memorysetup-temp-allocator-size-background-worker=32768"
    "memorysetup-temp-allocator-size-job-worker=262144"
    "memorysetup-temp-allocator-size-preload-manager=33554432"
    "memorysetup-temp-allocator-size-nav-mesh-worker=65536"
    "memorysetup-temp-allocator-size-audio-worker=65536"
    "memorysetup-temp-allocator-size-cloud-worker=32768"
    "memorysetup-temp-allocator-size-gi-baking-worker=262144"
    "memorysetup-temp-allocator-size-gfx=262144"
Player connection [22240] Host "[IP] 192.168.50.189 [Port] 0 [Flags] 2 [Guid] 553288143 [EditorId] 553288143 [Version] 1048832 [Id] WindowsEditor(7,Tuche-295) [Debug] 1 [PackageName] WindowsEditor [ProjectName] Editor" joined multi-casting on [225.0.0.222:54997]...

Player connection [22240] Host "[IP] 192.168.50.189 [Port] 0 [Flags] 2 [Guid] 553288143 [EditorId] 553288143 [Version] 1048832 [Id] WindowsEditor(7,Tuche-295) [Debug] 1 [PackageName] WindowsEditor [ProjectName] Editor" joined alternative multi-casting on [225.0.0.222:34997]...

Refreshing native plugins compatible for Editor in 6.19 ms, found 3 plugins.
Preloading 0 native plugins for Editor in 0.00 ms.
Initialize engine version: 2022.3.6f1 (b9e6e7e9fa2d)
[Subsystems] Discovering subsystems at path C:/Application/Unity/2022.3.6f1/Editor/Data/Resources/UnitySubsystems
[Subsystems] Discovering subsystems at path C:/Application/Unity/project/DoAnTotNghiep/Assets
GfxDevice: creating device client; threaded=0; jobified=0
Direct3D:
    Version:  Direct3D 11.0 [level 11.1]
    Renderer: NVIDIA GeForce RTX 3060 Laptop GPU (ID=0x2520)
    Vendor:   NVIDIA
    VRAM:     6010 MB
    Driver:   31.0.15.4601
Initialize mono
Mono path[0] = 'C:/Application/Unity/2022.3.6f1/Editor/Data/Managed'
Mono path[1] = 'C:/Application/Unity/2022.3.6f1/Editor/Data/MonoBleedingEdge/lib/mono/unityjit-win32'
Mono config path = 'C:/Application/Unity/2022.3.6f1/Editor/Data/MonoBleedingEdge/etc'
Using monoOptions --debugger-agent=transport=dt_socket,embedding=1,server=y,suspend=n,address=127.0.0.1:56256
Begin MonoManager ReloadAssembly
Registering precompiled unity dll's ...
Register platform support module: C:/Application/Unity/2022.3.6f1/Editor/Data/PlaybackEngines/WindowsStandaloneSupport/UnityEditor.WindowsStandalone.Extensions.dll
Registered in 0.004376 seconds.
- Loaded All Assemblies, in  0.246 seconds
Native extension for WindowsStandalone target not found
Mono: successfully reloaded assembly
- Finished resetting the current domain, in  0.204 seconds
Domain Reload Profiling: 449ms
	BeginReloadAssembly (61ms)
		ExecutionOrderSort (0ms)
		DisableScriptedObjects (0ms)
		BackupInstance (0ms)
		ReleaseScriptingObjects (0ms)
		CreateAndSetChildDomain (1ms)
	RebuildCommonClasses (25ms)
	RebuildNativeTypeToScriptingClass (8ms)
	initialDomainReloadingComplete (42ms)
	LoadAllAssembliesAndSetupDomain (108ms)
		LoadAssemblies (60ms)
		RebuildTransferFunctionScriptingTraits (0ms)
		AnalyzeDomain (103ms)
			TypeCache.Refresh (103ms)
				TypeCache.ScanAssembly (93ms)
			ScanForSourceGeneratedMonoScriptInfo (0ms)
			ResolveRequiredComponents (0ms)
	FinalizeReload (205ms)
		ReleaseScriptCaches (0ms)
		RebuildScriptCaches (0ms)
		SetupLoadedEditorAssemblies (158ms)
			LogAssemblyErrors (0ms)
			InitializePlatformSupportModulesInManaged (7ms)
			SetLoadedEditorAssemblies (7ms)
			RefreshPlugins (0ms)
			BeforeProcessingInitializeOnLoad (2ms)
			ProcessInitializeOnLoadAttributes (106ms)
			ProcessInitializeOnLoadMethodAttributes (36ms)
			AfterProcessingInitializeOnLoad (0ms)
			EditorAssembliesLoaded (0ms)
		ExecutionOrderSort2 (0ms)
		AwakeInstancesAfterBackupRestoration (0ms)
========================================================================
Worker process is ready to serve import requests
Begin MonoManager ReloadAssembly
Symbol file LoadedFromMemory doesn't match image C:\Application\Unity\project\DoAnTotNghiep\Library\PackageCache\com.unity.visualscripting@1.8.0\Editor\VisualScripting.Core\Dependencies\YamlDotNet\Unity.VisualScripting.YamlDotNet.dll
Symbol file LoadedFromMemory doesn't match image C:\Application\Unity\project\DoAnTotNghiep\Library\PackageCache\com.unity.visualscripting@1.8.0\Editor\VisualScripting.Core\Dependencies\DotNetZip\Unity.VisualScripting.IonicZip.dll
- Loaded All Assemblies, in  0.556 seconds
Refreshing native plugins compatible for Editor in 2.06 ms, found 3 plugins.
Native extension for WindowsStandalone target not found
Mono: successfully reloaded assembly
- Finished resetting the current domain, in  0.386 seconds
Domain Reload Profiling: 940ms
	BeginReloadAssembly (103ms)
		ExecutionOrderSort (0ms)
		DisableScriptedObjects (4ms)
		BackupInstance (0ms)
		ReleaseScriptingObjects (0ms)
		CreateAndSetChildDomain (18ms)
	RebuildCommonClasses (26ms)
	RebuildNativeTypeToScriptingClass (8ms)
	initialDomainReloadingComplete (30ms)
	LoadAllAssembliesAndSetupDomain (387ms)
		LoadAssemblies (195ms)
		RebuildTransferFunctionScriptingTraits (0ms)
		AnalyzeDomain (241ms)
			TypeCache.Refresh (224ms)
				TypeCache.ScanAssembly (211ms)
			ScanForSourceGeneratedMonoScriptInfo (14ms)
			ResolveRequiredComponents (3ms)
	FinalizeReload (386ms)
		ReleaseScriptCaches (0ms)
		RebuildScriptCaches (0ms)
		SetupLoadedEditorAssemblies (269ms)
			LogAssemblyErrors (0ms)
			InitializePlatformSupportModulesInManaged (4ms)
			SetLoadedEditorAssemblies (4ms)
			RefreshPlugins (0ms)
			BeforeProcessingInitializeOnLoad (46ms)
			ProcessInitializeOnLoadAttributes (196ms)
			ProcessInitializeOnLoadMethodAttributes (15ms)
			AfterProcessingInitializeOnLoad (4ms)
			EditorAssembliesLoaded (0ms)
		ExecutionOrderSort2 (0ms)
		AwakeInstancesAfterBackupRestoration (5ms)
Launched and connected shader compiler UnityShaderCompiler.exe after 0.03 seconds
Refreshing native plugins compatible for Editor in 1.76 ms, found 3 plugins.
Preloading 0 native plugins for Editor in 0.00 ms.
Unloading 3203 Unused Serialized files (Serialized files now loaded: 0)
Unloading 34 unused Assets / (56.5 KB). Loaded Objects now: 3674.
Memory consumption went from 128.5 MB to 128.5 MB.
Total: 2.856300 ms (FindLiveObjects: 0.213300 ms CreateObjectMapping: 0.127700 ms MarkObjects: 2.375200 ms  DeleteObjects: 0.139500 ms)

AssetImportParameters requested are different than current active one (requested -> active):
  custom:container-demuxer-ogg: 62fdf1f143b41e24485cea50d1cbac27 -> 
  custom:video-codec-MediaFoundation-h265: 746d11721c4dcdbdad8f713fa42b33f4 -> 
  custom:video-decoder-ogg-theora: a1e56fd34408186e4bbccfd4996cb3dc -> 
  custom:framework-win-MediaFoundation: 216162199b28c13a410421893ffa2e32 -> 
  custom:CustomObjectIndexerAttribute: 756ad292c208cfabdd7b50bc23989ffe -> 
  custom:container-demuxer-webm: 4f35f7cbe854078d1ac9338744f61a02 -> 
  custom:container-muxer-webm: aa71ff27fc2769a1b78a27578f13a17b -> 
  custom:video-decoder-webm-vp8: 9c59270c3fd7afecdb556c50c9e8de78 -> 
  custom:SearchIndexIgnoredProperties: e643bd26f0fe6173181afceb89e7c659 -> 
  custom:AudioImporter_EditorPlatform: d09bf68614088b80899f8185d706f6e7 -> 
  custom:video-encoder-webm-vp8: eb34c28f22e8b96e1ab97ce403110664 -> 
  custom:audio-decoder-ogg-vorbis: bf7c407c2cedff20999df2af8eb42d56 -> 
  custom:audio-encoder-webm-vorbis: bf7c407c2cedff20999df2af8eb42d56 -> 
========================================================================
Received Import Request.
  Time since last request: 24698.997183 seconds.
  path: Assets/Polygonal Fantasy Pack/Customize Character Here/03 Customize Head/Male Hair (+ Head)/Hair Male 07 Brown.prefab
  artifactKey: Guid(f5bcc006274101a46bb851b7464e0d58) Importer(815301076,1909f56bfc062723c751e8b465ee728b)
Start importing Assets/Polygonal Fantasy Pack/Customize Character Here/03 Customize Head/Male Hair (+ Head)/Hair Male 07 Brown.prefab using Guid(f5bcc006274101a46bb851b7464e0d58) Importer(815301076,1909f56bfc062723c751e8b465ee728b)  -> (artifact id: 'e3a7955edfe11e8dcfa9047a3cec7b74') in 0.109725 seconds
Number of updated asset objects reloaded before import = 0
Number of asset objects unloaded after import = 8
========================================================================
Received Import Request.
  Time since last request: 0.000023 seconds.
  path: Assets/Polygonal Fantasy Pack/Customize Character Here/03 Customize Head/Male Hair (+ Head)/Hair Male 10 Black.prefab
  artifactKey: Guid(7a66b72f65b8ddf40a45f70ea962157e) Importer(815301076,1909f56bfc062723c751e8b465ee728b)
Start importing Assets/Polygonal Fantasy Pack/Customize Character Here/03 Customize Head/Male Hair (+ Head)/Hair Male 10 Black.prefab using Guid(7a66b72f65b8ddf40a45f70ea962157e) Importer(815301076,1909f56bfc062723c751e8b465ee728b)  -> (artifact id: 'd6553f8c8bda58687b0d4af02fcb2649') in 0.012691 seconds
Number of updated asset objects reloaded before import = 0
Number of asset objects unloaded after import = 8
========================================================================
Received Import Request.
  Time since last request: 1.235713 seconds.
  path: Assets/Polygonal Fantasy Pack/Customize Character Here/03 Customize Head/Male Eyes (+ Head)/Eyes 04 Black.prefab
  artifactKey: Guid(8f6d797148b746a429ddc8ce3e950314) Importer(815301076,1909f56bfc062723c751e8b465ee728b)
Start importing Assets/Polygonal Fantasy Pack/Customize Character Here/03 Customize Head/Male Eyes (+ Head)/Eyes 04 Black.prefab using Guid(8f6d797148b746a429ddc8ce3e950314) Importer(815301076,1909f56bfc062723c751e8b465ee728b)  -> (artifact id: '5e03d13d8170d9c6db003990d9af05ee') in 0.010178 seconds
Number of updated asset objects reloaded before import = 0
Number of asset objects unloaded after import = 8
========================================================================
Received Import Request.
  Time since last request: 2.125325 seconds.
  path: Assets/Polygonal Fantasy Pack/Customize Character Here/03 Customize Head/Male Headbands (+ Head)/Headband 01 Grey.prefab
  artifactKey: Guid(038395faa2f5c6b40bfdc46386ebd191) Importer(815301076,1909f56bfc062723c751e8b465ee728b)
Start importing Assets/Polygonal Fantasy Pack/Customize Character Here/03 Customize Head/Male Headbands (+ Head)/Headband 01 Grey.prefab using Guid(038395faa2f5c6b40bfdc46386ebd191) Importer(815301076,1909f56bfc062723c751e8b465ee728b)  -> (artifact id: '9da84f22817c3a54540048f223a1716a') in 0.010920 seconds
Number of updated asset objects reloaded before import = 0
Number of asset objects unloaded after import = 10
========================================================================
Received Import Request.
  Time since last request: 0.016623 seconds.
  path: Assets/Polygonal Fantasy Pack/Customize Character Here/03 Customize Head/Male Headbands (+ Head)/Headband 03 Blue Silver.prefab
  artifactKey: Guid(83936b2e9a3a0394ab3130781e966b47) Importer(815301076,1909f56bfc062723c751e8b465ee728b)
Start importing Assets/Polygonal Fantasy Pack/Customize Character Here/03 Customize Head/Male Headbands (+ Head)/Headband 03 Blue Silver.prefab using Guid(83936b2e9a3a0394ab3130781e966b47) Importer(815301076,1909f56bfc062723c751e8b465ee728b)  -> (artifact id: '95bd1b2190ca9e940ab89a3c8ca2b292') in 0.010427 seconds
Number of updated asset objects reloaded before import = 0
Number of asset objects unloaded after import = 10
========================================================================
Received Import Request.
  Time since last request: 0.052147 seconds.
  path: Assets/Polygonal Fantasy Pack/Customize Character Here/03 Customize Head/Male Headbands (+ Head)/Headband 04 Brown Silver.prefab
  artifactKey: Guid(ba7380ce2a958a94a8f75814009c159e) Importer(815301076,1909f56bfc062723c751e8b465ee728b)
Start importing Assets/Polygonal Fantasy Pack/Customize Character Here/03 Customize Head/Male Headbands (+ Head)/Headband 04 Brown Silver.prefab using Guid(ba7380ce2a958a94a8f75814009c159e) Importer(815301076,1909f56bfc062723c751e8b465ee728b)  -> (artifact id: 'ef087a6163aee7d57214164900323664') in 0.009747 seconds
Number of updated asset objects reloaded before import = 0
Number of asset objects unloaded after import = 10
========================================================================
Received Import Request.
  Time since last request: 1.515259 seconds.
  path: Assets/Polygonal Fantasy Pack/Customize Character Here/03 Customize Head/Male Helmets (+ Head)/Helmet 01 Brown Sliver.prefab
  artifactKey: Guid(1e9cc9762f406184b89e054a2ac3791f) Importer(815301076,1909f56bfc062723c751e8b465ee728b)
Start importing Assets/Polygonal Fantasy Pack/Customize Character Here/03 Customize Head/Male Helmets (+ Head)/Helmet 01 Brown Sliver.prefab using Guid(1e9cc9762f406184b89e054a2ac3791f) Importer(815301076,1909f56bfc062723c751e8b465ee728b)  -> (artifact id: '6c35955064802b17336b4652f8fbf7e0') in 0.011208 seconds
Number of updated asset objects reloaded before import = 0
Number of asset objects unloaded after import = 10
========================================================================
Received Import Request.
  Time since last request: 0.005393 seconds.
  path: Assets/Polygonal Fantasy Pack/Customize Character Here/03 Customize Head/Male Helmets (+ Head)/Helmet 01 Grey Silver.prefab
  artifactKey: Guid(54d55dc14776489409cbe7f19c8305bd) Importer(815301076,1909f56bfc062723c751e8b465ee728b)
Start importing Assets/Polygonal Fantasy Pack/Customize Character Here/03 Customize Head/Male Helmets (+ Head)/Helmet 01 Grey Silver.prefab using Guid(54d55dc14776489409cbe7f19c8305bd) Importer(815301076,1909f56bfc062723c751e8b465ee728b)  -> (artifact id: '8dfbfb161860aa8ef62d01903682a07d') in 0.010884 seconds
Number of updated asset objects reloaded before import = 0
Number of asset objects unloaded after import = 10
========================================================================
Received Import Request.
  Time since last request: 0.082438 seconds.
  path: Assets/Polygonal Fantasy Pack/Customize Character Here/03 Customize Head/Male Helmets (+ Head)/Helmet 03 Brown Sliver.prefab
  artifactKey: Guid(83ab50176caf3bc48b87fe67d2182fc7) Importer(815301076,1909f56bfc062723c751e8b465ee728b)
Start importing Assets/Polygonal Fantasy Pack/Customize Character Here/03 Customize Head/Male Helmets (+ Head)/Helmet 03 Brown Sliver.prefab using Guid(83ab50176caf3bc48b87fe67d2182fc7) Importer(815301076,1909f56bfc062723c751e8b465ee728b)  -> (artifact id: '47319c0af27149a0d176c080d6c97b90') in 0.010817 seconds
Number of updated asset objects reloaded before import = 0
Number of asset objects unloaded after import = 10
Editor requested this worker to shutdown with reason: Scaling down because of idle timeout
TcpMessagingSession - receive error: operation aborted. errorcode: 995, details: The I/O operation has been aborted because of either a thread exit or an application request.
AssetImportWorker is now disconnected from the server
Process exiting
Exiting without the bug reporter. Application will terminate with return code 0